2025-12-09 22:02:40,904 - INFO - 尝试创建 BalanceController（第 1 次）
2025-12-09 22:03:37,277 - INFO - 尝试创建 BalanceController（第 1 次）
2025-12-09 23:07:08,033 - INFO - 尝试创建 BalanceController（第 1 次）
2025-12-11 17:49:30,081 - INFO - HTTP Request: GET http://localhost:7860/gradio_api/startup-events "HTTP/1.1 200 OK"
2025-12-11 17:49:30,124 - INFO - HTTP Request: HEAD http://localhost:7860/ "HTTP/1.1 200 OK"
2025-12-11 17:49:30,531 - INFO - HTTP Request: GET https://api.gradio.app/pkg-version "HTTP/1.1 200 OK"
2025-12-11 17:49:51,624 - INFO - 尝试创建 BalanceController（第 1 次）
2025-12-12 18:02:08,193 - INFO - HTTP Request: GET http://localhost:7860/gradio_api/startup-events "HTTP/1.1 200 OK"
2025-12-12 18:02:08,235 - INFO - HTTP Request: HEAD http://localhost:7860/ "HTTP/1.1 200 OK"
2025-12-12 18:02:08,578 - INFO - HTTP Request: GET https://api.gradio.app/pkg-version "HTTP/1.1 200 OK"
2025-12-12 18:40:29,886 - INFO - HTTP Request: GET http://localhost:7860/gradio_api/startup-events "HTTP/1.1 200 OK"
2025-12-12 18:40:29,930 - INFO - HTTP Request: HEAD http://localhost:7860/ "HTTP/1.1 200 OK"
2025-12-12 18:40:30,989 - INFO - HTTP Request: GET https://api.gradio.app/pkg-version "HTTP/1.1 200 OK"
2025-12-12 19:43:34,912 - INFO - HTTP Request: GET http://localhost:7860/gradio_api/startup-events "HTTP/1.1 200 OK"
2025-12-12 19:43:34,950 - INFO - HTTP Request: HEAD http://localhost:7860/ "HTTP/1.1 200 OK"
2025-12-12 19:43:35,445 - INFO - HTTP Request: GET https://api.gradio.app/pkg-version "HTTP/1.1 200 OK"
2025-12-12 19:43:48,299 - INFO - 尝试创建 BalanceController（第 1 次）
2025-12-12 19:43:48,897 - INFO - 串口已打开
2025-12-12 19:43:53,584 - INFO - 电机已全部使能
2025-12-12 19:44:13,969 - INFO - 平衡控制线程已启动
2025-12-12 19:44:13,970 - INFO - 平衡控制已启动
2025-12-12 19:44:14,776 - INFO - 平衡循环启动
2025-12-12 19:44:20,140 - INFO - 读取扭矩: [-0.006837607, -0.034188036, 0.7042735, -0.6905983]
2025-12-12 19:44:21,760 - INFO - 读取扭矩: [-0.006837607, -0.006837607, 0.6495727, -0.74529916]
2025-12-12 19:44:23,077 - INFO - 读取扭矩: [-0.034188036, 0.034188036, 0.71794873, -0.8136752]
2025-12-12 19:44:24,550 - INFO - 平衡控制线程已启动
2025-12-12 19:44:24,551 - INFO - 平衡控制已启动
2025-12-12 19:44:25,053 - INFO - 平衡循环异常: device reports readiness to read but returned no data (device disconnected or multiple access on port?)
2025-12-12 19:44:25,139 - INFO - 平衡循环已结束，资源已清理
2025-12-12 19:44:25,142 - INFO - 平衡循环已结束，资源已清理
2025-12-12 19:45:51,172 - INFO - HTTP Request: GET http://localhost:7860/gradio_api/startup-events "HTTP/1.1 200 OK"
2025-12-12 19:45:51,207 - INFO - HTTP Request: HEAD http://localhost:7860/ "HTTP/1.1 200 OK"
2025-12-12 19:45:51,648 - INFO - HTTP Request: GET https://api.gradio.app/pkg-version "HTTP/1.1 200 OK"
2025-12-12 19:46:25,515 - INFO - 尝试创建 BalanceController（第 1 次）
2025-12-12 19:46:26,108 - INFO - 串口已打开
2025-12-12 19:46:28,623 - INFO - 电机已全部使能
2025-12-12 19:46:30,669 - INFO - 平衡控制线程已启动
2025-12-12 19:46:30,671 - INFO - 平衡控制已启动
2025-12-12 19:46:31,479 - INFO - 平衡循环启动
2025-12-12 19:46:41,176 - INFO - 所有电机已失能
2025-12-12 19:47:30,321 - INFO - HTTP Request: GET http://localhost:7860/gradio_api/startup-events "HTTP/1.1 200 OK"
2025-12-12 19:47:30,359 - INFO - HTTP Request: HEAD http://localhost:7860/ "HTTP/1.1 200 OK"
2025-12-12 19:47:31,072 - INFO - HTTP Request: GET https://api.gradio.app/pkg-version "HTTP/1.1 200 OK"
2025-12-12 19:47:33,845 - INFO - 尝试创建 BalanceController（第 1 次）
2025-12-12 19:47:34,436 - INFO - 串口已打开
2025-12-12 19:47:37,250 - INFO - 电机已全部使能
2025-12-12 19:47:38,673 - INFO - 平衡控制线程已启动
2025-12-12 19:47:38,673 - INFO - 平衡控制已启动
2025-12-12 19:47:39,479 - INFO - 平衡循环启动
2025-12-12 19:47:49,232 - INFO - 所有电机已失能
2025-12-12 19:49:38,018 - INFO - HTTP Request: GET http://localhost:7860/gradio_api/startup-events "HTTP/1.1 200 OK"
2025-12-12 19:49:38,059 - INFO - HTTP Request: HEAD http://localhost:7860/ "HTTP/1.1 200 OK"
2025-12-12 19:49:39,481 - INFO - HTTP Request: GET https://api.gradio.app/pkg-version "HTTP/1.1 200 OK"
2025-12-12 19:49:40,250 - INFO - 尝试创建 BalanceController（第 1 次）
2025-12-12 19:49:40,840 - INFO - 串口已打开
2025-12-12 19:49:44,536 - INFO - 电机已全部使能
2025-12-12 19:49:45,614 - INFO - 平衡控制线程已启动
2025-12-12 19:49:45,615 - INFO - 平衡控制已启动
2025-12-12 19:49:46,422 - INFO - 平衡循环启动
2025-12-12 19:50:03,067 - INFO - 所有电机已失能
2025-12-12 19:50:12,408 - INFO - 启动平衡控制失败：电机未使能
2025-12-12 19:52:05,287 - INFO - HTTP Request: GET http://localhost:7860/gradio_api/startup-events "HTTP/1.1 200 OK"
2025-12-12 19:52:05,319 - INFO - HTTP Request: HEAD http://localhost:7860/ "HTTP/1.1 200 OK"
2025-12-12 19:52:05,818 - INFO - HTTP Request: GET https://api.gradio.app/pkg-version "HTTP/1.1 200 OK"
2025-12-12 19:52:07,973 - INFO - 尝试创建 BalanceController（第 1 次）
2025-12-12 19:52:08,562 - INFO - 串口已打开
2025-12-12 19:52:11,845 - INFO - 电机已全部使能
2025-12-12 19:52:12,720 - INFO - 平衡控制线程已启动
2025-12-12 19:52:12,722 - INFO - 平衡控制已启动
2025-12-12 19:52:13,529 - INFO - 平衡循环启动
2025-12-12 19:53:01,505 - INFO - 所有电机已失能
2025-12-12 20:13:59,109 - INFO - HTTP Request: GET http://localhost:7860/gradio_api/startup-events "HTTP/1.1 200 OK"
2025-12-12 20:13:59,144 - INFO - HTTP Request: HEAD http://localhost:7860/ "HTTP/1.1 200 OK"
2025-12-12 20:15:49,484 - INFO - 尝试创建 BalanceController（第 1 次）
2025-12-12 20:15:50,072 - INFO - 串口已打开
2025-12-12 20:15:53,453 - INFO - 电机已全部使能
2025-12-12 20:15:54,866 - INFO - 所有电机已失能
2025-12-12 20:16:08,401 - INFO - 电机已全部使能
2025-12-12 20:16:09,619 - INFO - 平衡控制线程已启动
2025-12-12 20:16:09,619 - INFO - 平衡控制已启动
2025-12-12 20:16:10,424 - INFO - 平衡循环启动
2025-12-12 20:16:15,616 - INFO - 所有电机已失能
2025-12-12 20:17:07,970 - INFO - HTTP Request: GET http://localhost:7860/gradio_api/startup-events "HTTP/1.1 200 OK"
2025-12-12 20:17:08,001 - INFO - HTTP Request: HEAD http://localhost:7860/ "HTTP/1.1 200 OK"
2025-12-12 20:17:22,535 - INFO - 尝试创建 BalanceController（第 1 次）
2025-12-12 20:17:23,121 - INFO - 串口已打开
2025-12-12 20:17:25,447 - INFO - 电机已全部使能
2025-12-12 20:17:27,074 - INFO - 平衡控制线程已启动
2025-12-12 20:17:27,074 - INFO - 平衡控制已启动
2025-12-12 20:17:27,881 - INFO - 平衡循环启动
2025-12-12 20:17:53,765 - INFO - 所有电机已失能
2025-12-12 20:09:28,169 - INFO - HTTP Request: GET http://localhost:7860/gradio_api/startup-events "HTTP/1.1 200 OK"
2025-12-12 20:09:28,206 - INFO - HTTP Request: HEAD http://localhost:7860/ "HTTP/1.1 200 OK"
2025-12-12 20:11:51,185 - INFO - 尝试创建 BalanceController（第 1 次）
2025-12-12 20:11:51,774 - INFO - 串口已打开
2025-12-12 20:11:54,100 - INFO - 电机已全部使能
2025-12-12 20:11:55,781 - INFO - 平衡控制线程已启动
2025-12-12 20:11:55,782 - INFO - 平衡控制已启动
2025-12-12 20:11:56,587 - INFO - 平衡循环启动
2025-12-12 20:12:36,380 - INFO - HTTP Request: GET http://localhost:7860/gradio_api/startup-events "HTTP/1.1 200 OK"
2025-12-12 20:12:36,414 - INFO - HTTP Request: HEAD http://localhost:7860/ "HTTP/1.1 200 OK"
2025-12-12 20:12:58,252 - INFO - 尝试创建 BalanceController（第 1 次）
2025-12-12 20:12:58,846 - INFO - 创建 BalanceController 失败: 'BalanceController' object has no attribute 'self'
2025-12-12 20:12:59,858 - INFO - 尝试创建 BalanceController（第 2 次）
2025-12-12 20:13:00,447 - INFO - 创建 BalanceController 失败: 'BalanceController' object has no attribute 'self'
2025-12-12 20:13:01,456 - INFO - 尝试创建 BalanceController（第 3 次）
2025-12-12 20:13:02,047 - INFO - 创建 BalanceController 失败: 'BalanceController' object has no attribute 'self'
2025-12-12 20:13:02,058 - INFO - 全部重试结束，仍未能创建 BalanceController
2025-12-12 20:13:02,059 - INFO - 打开串口失败：无法创建 BalanceController
2025-12-12 20:13:04,347 - INFO - 尝试创建 BalanceController（第 1 次）
2025-12-12 20:13:04,935 - INFO - 创建 BalanceController 失败: 'BalanceController' object has no attribute 'self'
2025-12-12 20:13:05,948 - INFO - 尝试创建 BalanceController（第 2 次）
2025-12-12 20:13:06,535 - INFO - 创建 BalanceController 失败: 'BalanceController' object has no attribute 'self'
2025-12-12 20:13:07,544 - INFO - 尝试创建 BalanceController（第 3 次）
2025-12-12 20:13:08,133 - INFO - 创建 BalanceController 失败: 'BalanceController' object has no attribute 'self'
2025-12-12 20:13:08,142 - INFO - 全部重试结束，仍未能创建 BalanceController
2025-12-12 20:13:08,145 - INFO - 打开串口失败：无法创建 BalanceController
2025-12-12 20:09:00,169 - INFO - HTTP Request: GET http://localhost:7860/gradio_api/startup-events "HTTP/1.1 200 OK"
2025-12-12 20:09:00,206 - INFO - HTTP Request: HEAD http://localhost:7860/ "HTTP/1.1 200 OK"
2025-12-12 20:09:12,056 - INFO - 尝试创建 BalanceController（第 1 次）
2025-12-12 20:09:12,649 - INFO - 创建 BalanceController 失败: 'BalanceController' object has no attribute 'self'
2025-12-12 20:09:13,658 - INFO - 尝试创建 BalanceController（第 2 次）
2025-12-12 20:09:14,244 - INFO - 创建 BalanceController 失败: 'BalanceController' object has no attribute 'self'
2025-12-12 20:09:15,255 - INFO - 尝试创建 BalanceController（第 3 次）
2025-12-12 20:09:15,840 - INFO - 创建 BalanceController 失败: 'BalanceController' object has no attribute 'self'
2025-12-12 20:09:15,847 - INFO - 全部重试结束，仍未能创建 BalanceController
2025-12-12 20:09:15,847 - INFO - 打开串口失败：无法创建 BalanceController
2025-12-12 20:09:17,483 - INFO - 尝试创建 BalanceController（第 1 次）
2025-12-12 20:09:18,068 - INFO - 创建 BalanceController 失败: 'BalanceController' object has no attribute 'self'
2025-12-12 20:09:19,079 - INFO - 尝试创建 BalanceController（第 2 次）
2025-12-12 20:09:19,663 - INFO - 创建 BalanceController 失败: 'BalanceController' object has no attribute 'self'
2025-12-12 20:09:20,672 - INFO - 尝试创建 BalanceController（第 3 次）
2025-12-12 20:09:21,258 - INFO - 创建 BalanceController 失败: 'BalanceController' object has no attribute 'self'
2025-12-12 20:09:21,266 - INFO - 全部重试结束，仍未能创建 BalanceController
2025-12-12 20:09:21,267 - INFO - 打开串口失败：无法创建 BalanceController
2025-12-12 20:11:00,833 - INFO - 尝试创建 BalanceController（第 1 次）
2025-12-12 20:11:01,421 - INFO - 创建 BalanceController 失败: 'BalanceController' object has no attribute 'self'
2025-12-12 20:11:02,433 - INFO - 尝试创建 BalanceController（第 2 次）
2025-12-12 20:11:03,020 - INFO - 创建 BalanceController 失败: 'BalanceController' object has no attribute 'self'
2025-12-12 20:11:04,029 - INFO - 尝试创建 BalanceController（第 3 次）
2025-12-12 20:11:04,615 - INFO - 创建 BalanceController 失败: 'BalanceController' object has no attribute 'self'
2025-12-12 20:11:04,626 - INFO - 全部重试结束，仍未能创建 BalanceController
2025-12-12 20:11:04,627 - INFO - 打开串口失败：无法创建 BalanceController
2025-12-12 20:11:30,921 - INFO - HTTP Request: GET http://localhost:7860/gradio_api/startup-events "HTTP/1.1 200 OK"
2025-12-12 20:11:30,971 - INFO - HTTP Request: HEAD http://localhost:7860/ "HTTP/1.1 200 OK"
2025-12-12 20:11:36,329 - INFO - 尝试创建 BalanceController（第 1 次）
2025-12-12 20:11:36,924 - INFO - 串口已打开
2025-12-12 20:11:40,955 - INFO - 电机已全部使能
2025-12-12 20:11:43,553 - INFO - 平衡控制线程已启动
2025-12-12 20:11:43,554 - INFO - 平衡控制已启动
2025-12-12 20:11:44,361 - INFO - 平衡循环启动
2025-12-12 20:11:44,449 - INFO - 平衡循环已结束，资源已清理
2025-12-12 20:11:49,471 - INFO - 失能电机异常: Attempting to use a port that is not open
2025-12-12 20:11:52,108 - INFO - 使能电机异常: Attempting to use a port that is not open
2025-12-12 20:11:53,686 - INFO - 串口已打开（已存在实例）
2025-12-12 20:11:55,762 - INFO - 串口已打开（已存在实例）
2025-12-12 20:11:57,032 - INFO - 使能电机异常: Attempting to use a port that is not open
2025-12-12 20:11:58,248 - INFO - 使能电机异常: Attempting to use a port that is not open
2025-12-12 20:12:48,604 - INFO - HTTP Request: GET http://localhost:7860/gradio_api/startup-events "HTTP/1.1 200 OK"
2025-12-12 20:12:48,639 - INFO - HTTP Request: HEAD http://localhost:7860/ "HTTP/1.1 200 OK"
2025-12-12 20:12:53,542 - INFO - 尝试创建 BalanceController（第 1 次）
2025-12-12 20:12:54,131 - INFO - 串口已打开
2025-12-12 20:12:56,454 - INFO - 电机已全部使能
2025-12-12 20:12:57,423 - INFO - 平衡控制线程已启动
2025-12-12 20:12:57,423 - INFO - 平衡控制已启动
2025-12-12 20:12:58,230 - INFO - 平衡循环启动
2025-12-12 20:12:58,317 - INFO - 平衡循环已结束，资源已清理
2025-12-12 20:13:26,805 - INFO - HTTP Request: GET http://localhost:7860/gradio_api/startup-events "HTTP/1.1 200 OK"
2025-12-12 20:13:26,840 - INFO - HTTP Request: HEAD http://localhost:7860/ "HTTP/1.1 200 OK"
2025-12-12 20:13:32,313 - INFO - 尝试创建 BalanceController（第 1 次）
2025-12-12 20:13:32,903 - INFO - 串口已打开
2025-12-12 20:13:34,568 - INFO - 电机已全部使能
2025-12-12 20:13:35,542 - INFO - 平衡控制线程已启动
2025-12-12 20:13:35,542 - INFO - 平衡控制已启动
2025-12-12 20:13:36,348 - INFO - 平衡循环启动
2025-12-12 20:13:36,435 - INFO - 平衡循环已结束，资源已清理
2025-12-12 20:15:10,276 - INFO - HTTP Request: GET http://localhost:7860/gradio_api/startup-events "HTTP/1.1 200 OK"
2025-12-12 20:15:10,308 - INFO - HTTP Request: HEAD http://localhost:7860/ "HTTP/1.1 200 OK"
2025-12-12 20:15:17,704 - INFO - 尝试创建 BalanceController（第 1 次）
2025-12-12 20:15:18,295 - INFO - 串口已打开
2025-12-12 20:15:20,501 - INFO - 电机已全部使能
2025-12-12 20:15:21,927 - INFO - 平衡控制线程已启动
2025-12-12 20:15:21,928 - INFO - 平衡控制已启动
2025-12-12 20:15:22,734 - INFO - 平衡循环启动
2025-12-12 20:15:39,318 - INFO - 所有电机已失能
2025-12-12 20:16:14,397 - INFO - HTTP Request: GET http://localhost:7860/gradio_api/startup-events "HTTP/1.1 200 OK"
2025-12-12 20:16:14,430 - INFO - HTTP Request: HEAD http://localhost:7860/ "HTTP/1.1 200 OK"
2025-12-12 20:16:20,913 - INFO - 尝试创建 BalanceController（第 1 次）
2025-12-12 20:16:21,501 - INFO - 串口已打开
2025-12-12 20:16:23,002 - INFO - 电机已全部使能
2025-12-12 20:16:23,927 - INFO - 平衡控制线程已启动
2025-12-12 20:16:23,927 - INFO - 平衡控制已启动
2025-12-12 20:16:24,736 - INFO - 平衡循环启动
2025-12-12 20:16:31,461 - INFO - 所有电机已失能
2025-12-12 20:17:13,234 - INFO - HTTP Request: GET http://localhost:7860/gradio_api/startup-events "HTTP/1.1 200 OK"
2025-12-12 20:17:13,268 - INFO - HTTP Request: HEAD http://localhost:7860/ "HTTP/1.1 200 OK"
2025-12-12 20:17:18,781 - INFO - 尝试创建 BalanceController（第 1 次）
2025-12-12 20:17:19,370 - INFO - 串口已打开
2025-12-12 20:17:21,473 - INFO - 电机已全部使能
2025-12-12 20:17:22,508 - INFO - 平衡控制线程已启动
2025-12-12 20:17:22,508 - INFO - 平衡控制已启动
2025-12-12 20:17:23,316 - INFO - 平衡循环启动
2025-12-12 20:17:48,275 - INFO - 所有电机已失能
2025-12-12 20:09:29,475 - INFO - HTTP Request: GET http://localhost:7860/gradio_api/startup-events "HTTP/1.1 200 OK"
2025-12-12 20:09:29,513 - INFO - HTTP Request: HEAD http://localhost:7860/ "HTTP/1.1 200 OK"
2025-12-12 20:11:11,245 - INFO - 尝试创建 BalanceController（第 1 次）
2025-12-12 20:11:11,833 - INFO - 串口已打开
2025-12-12 20:11:13,582 - INFO - 电机已全部使能
2025-12-12 20:11:14,391 - INFO - 平衡控制线程已启动
2025-12-12 20:11:14,392 - INFO - 平衡控制已启动
2025-12-12 20:11:15,198 - INFO - 平衡循环启动
2025-12-12 20:11:22,820 - INFO - 所有电机已失能
2025-12-12 20:17:27,329 - INFO - HTTP Request: GET http://localhost:7860/gradio_api/startup-events "HTTP/1.1 200 OK"
2025-12-12 20:17:27,367 - INFO - HTTP Request: HEAD http://localhost:7860/ "HTTP/1.1 200 OK"
2025-12-12 20:18:08,455 - INFO - 尝试创建 BalanceController（第 1 次）
2025-12-12 20:18:09,048 - INFO - 串口已打开
2025-12-12 20:18:13,829 - INFO - 电机已全部使能
2025-12-12 20:18:15,310 - INFO - 平衡控制线程已启动
2025-12-12 20:18:15,311 - INFO - 平衡控制已启动
2025-12-12 20:18:16,120 - INFO - 平衡循环启动
2025-12-12 20:18:16,210 - INFO - 平衡循环已结束，资源已清理
2025-12-12 20:19:10,231 - INFO - HTTP Request: GET http://localhost:7860/gradio_api/startup-events "HTTP/1.1 200 OK"
2025-12-12 20:19:10,262 - INFO - HTTP Request: HEAD http://localhost:7860/ "HTTP/1.1 200 OK"
2025-12-12 20:19:14,394 - INFO - 尝试创建 BalanceController（第 1 次）
2025-12-12 20:19:14,986 - INFO - 串口已打开
2025-12-12 20:19:18,055 - INFO - 电机已全部使能
2025-12-12 20:19:19,945 - INFO - 平衡控制线程已启动
2025-12-12 20:19:19,945 - INFO - 平衡控制已启动
2025-12-12 20:19:20,752 - INFO - 平衡循环启动
2025-12-12 20:19:20,841 - INFO - 平衡循环已结束，资源已清理
2025-12-12 20:20:23,840 - INFO - HTTP Request: GET http://localhost:7860/gradio_api/startup-events "HTTP/1.1 200 OK"
2025-12-12 20:20:23,873 - INFO - HTTP Request: HEAD http://localhost:7860/ "HTTP/1.1 200 OK"
2025-12-12 20:20:29,195 - INFO - 尝试创建 BalanceController（第 1 次）
2025-12-12 20:20:29,801 - INFO - 串口已打开
2025-12-12 20:20:34,348 - INFO - 电机已全部使能
2025-12-12 20:20:35,372 - INFO - 平衡控制线程已启动
2025-12-12 20:20:35,372 - INFO - 平衡控制已启动
2025-12-12 20:20:36,179 - INFO - 平衡循环启动
2025-12-12 20:20:57,114 - INFO - 所有电机已失能
2025-12-12 20:22:03,369 - INFO - HTTP Request: GET http://localhost:7860/gradio_api/startup-events "HTTP/1.1 200 OK"
2025-12-12 20:22:03,407 - INFO - HTTP Request: HEAD http://localhost:7860/ "HTTP/1.1 200 OK"
2025-12-12 20:22:10,482 - INFO - 尝试创建 BalanceController（第 1 次）
2025-12-12 20:22:11,073 - INFO - 串口已打开
2025-12-12 20:22:13,375 - INFO - 电机已全部使能
2025-12-12 20:22:16,473 - INFO - 平衡控制线程已启动
2025-12-12 20:22:16,475 - INFO - 平衡控制已启动
2025-12-12 20:22:17,283 - INFO - 平衡循环启动
2025-12-12 20:22:35,560 - INFO - 所有电机已失能
2025-12-12 20:24:00,602 - INFO - HTTP Request: GET http://localhost:7860/gradio_api/startup-events "HTTP/1.1 200 OK"
2025-12-12 20:24:00,637 - INFO - HTTP Request: HEAD http://localhost:7860/ "HTTP/1.1 200 OK"
2025-12-12 20:24:15,531 - INFO - 尝试创建 BalanceController（第 1 次）
2025-12-12 20:24:16,122 - INFO - 串口已打开
2025-12-12 20:24:18,381 - INFO - 电机已全部使能
2025-12-12 20:24:22,047 - INFO - 平衡控制线程已启动
2025-12-12 20:24:22,048 - INFO - 平衡控制已启动
2025-12-12 20:24:22,854 - INFO - 平衡循环启动
2025-12-12 20:24:53,547 - INFO - 所有电机已失能
2025-12-12 20:08:57,990 - INFO - HTTP Request: GET http://localhost:7860/gradio_api/startup-events "HTTP/1.1 200 OK"
2025-12-12 20:08:58,029 - INFO - HTTP Request: HEAD http://localhost:7860/ "HTTP/1.1 200 OK"
2025-12-12 20:09:57,089 - INFO - 尝试创建 BalanceController（第 1 次）
2025-12-12 20:09:57,677 - INFO - 串口已打开
2025-12-12 20:10:05,978 - INFO - 电机已全部使能
2025-12-12 20:10:07,159 - INFO - 平衡控制线程已启动
2025-12-12 20:10:07,159 - INFO - 平衡控制已启动
2025-12-12 20:10:07,965 - INFO - 平衡循环启动
2025-12-12 20:10:30,472 - INFO - 所有电机已失能
2025-12-12 20:10:57,908 - INFO - 所有电机已失能
2025-12-12 20:11:05,465 - INFO - 电机已全部使能
2025-12-12 20:11:40,439 - INFO - 所有电机已失能
2025-12-12 20:19:21,769 - INFO - HTTP Request: GET http://localhost:7860/gradio_api/startup-events "HTTP/1.1 200 OK"
2025-12-12 20:19:21,808 - INFO - HTTP Request: HEAD http://localhost:7860/ "HTTP/1.1 200 OK"
2025-12-12 20:21:31,707 - INFO - HTTP Request: GET http://localhost:7860/gradio_api/startup-events "HTTP/1.1 200 OK"
2025-12-12 20:21:31,746 - INFO - HTTP Request: HEAD http://localhost:7860/ "HTTP/1.1 200 OK"
2025-12-12 20:21:37,260 - INFO - 尝试创建 BalanceController（第 1 次）
2025-12-12 20:21:37,855 - INFO - 串口已打开
2025-12-12 20:21:42,939 - INFO - 电机已全部使能
2025-12-12 20:21:45,534 - INFO - 平衡控制线程已启动
2025-12-12 20:21:45,535 - INFO - 平衡控制已启动
2025-12-12 20:21:46,340 - INFO - 平衡循环启动
2025-12-12 20:21:52,836 - INFO - 所有电机已失能
2025-12-12 20:21:54,787 - INFO - 电机已全部使能
2025-12-12 20:22:58,075 - INFO - HTTP Request: GET http://localhost:7860/gradio_api/startup-events "HTTP/1.1 200 OK"
2025-12-12 20:22:58,116 - INFO - HTTP Request: HEAD http://localhost:7860/ "HTTP/1.1 200 OK"
2025-12-12 20:23:02,868 - INFO - 尝试创建 BalanceController（第 1 次）
2025-12-12 20:23:03,461 - INFO - 串口已打开
2025-12-12 20:23:05,383 - INFO - 电机已全部使能
2025-12-12 20:23:08,479 - INFO - 平衡控制线程已启动
2025-12-12 20:23:08,479 - INFO - 平衡控制已启动
2025-12-12 20:23:09,284 - INFO - 平衡循环启动
2025-12-12 20:23:15,770 - INFO - 电机已全部使能
2025-12-12 20:24:23,188 - INFO - HTTP Request: GET http://localhost:7860/gradio_api/startup-events "HTTP/1.1 200 OK"
2025-12-12 20:24:23,222 - INFO - HTTP Request: HEAD http://localhost:7860/ "HTTP/1.1 200 OK"
2025-12-12 20:24:37,790 - INFO - 尝试创建 BalanceController（第 1 次）
2025-12-12 20:24:38,378 - INFO - 串口已打开
2025-12-12 20:24:39,956 - INFO - 电机已全部使能
2025-12-12 20:24:40,824 - INFO - 平衡控制线程已启动
2025-12-12 20:24:40,824 - INFO - 平衡控制已启动
2025-12-12 20:24:41,632 - INFO - 平衡循环启动
2025-12-12 20:24:46,099 - INFO - speed线程已启动
2025-12-12 20:24:46,101 - INFO - 平衡控制已启动
2025-12-12 20:24:46,706 - INFO - speed线程已启动
2025-12-12 20:24:46,707 - INFO - 平衡控制已启动
2025-12-12 20:24:47,061 - INFO - speed线程已启动
2025-12-12 20:24:47,063 - INFO - 平衡控制已启动
2025-12-12 20:24:48,329 - INFO - speed线程已启动
2025-12-12 20:24:48,330 - INFO - 平衡控制已启动
2025-12-12 20:24:48,479 - INFO - speed线程已启动
2025-12-12 20:24:48,481 - INFO - 平衡控制已启动
2025-12-12 20:24:48,683 - INFO - speed线程已启动
2025-12-12 20:24:48,686 - INFO - 平衡控制已启动
2025-12-12 20:24:48,886 - INFO - speed线程已启动
2025-12-12 20:24:48,886 - INFO - 平衡控制已启动
2025-12-12 20:24:59,069 - INFO - speed线程已启动
2025-12-12 20:24:59,070 - INFO - 平衡控制已启动
2025-12-12 20:24:59,315 - INFO - speed线程已启动
2025-12-12 20:24:59,316 - INFO - 平衡控制已启动
2025-12-12 20:24:59,420 - INFO - speed线程已启动
2025-12-12 20:24:59,420 - INFO - 平衡控制已启动
2025-12-12 20:24:59,521 - INFO - speed线程已启动
2025-12-12 20:24:59,521 - INFO - 平衡控制已启动
2025-12-12 20:24:59,622 - INFO - speed线程已启动
2025-12-12 20:24:59,623 - INFO - 平衡控制已启动
2025-12-12 20:25:04,992 - INFO - speed线程已启动
2025-12-12 20:25:04,993 - INFO - 平衡控制已启动
2025-12-12 20:25:05,094 - INFO - speed线程已启动
2025-12-12 20:25:05,095 - INFO - 平衡控制已启动
2025-12-12 20:25:05,247 - INFO - speed线程已启动
2025-12-12 20:25:05,247 - INFO - 平衡控制已启动
2025-12-12 20:25:05,404 - INFO - speed线程已启动
2025-12-12 20:25:05,407 - INFO - 平衡控制已启动
2025-12-12 20:25:05,452 - INFO - speed线程已启动
2025-12-12 20:25:05,453 - INFO - 平衡控制已启动
2025-12-12 20:25:05,707 - INFO - speed线程已启动
2025-12-12 20:25:05,707 - INFO - 平衡控制已启动
2025-12-12 20:25:05,809 - INFO - speed线程已启动
2025-12-12 20:25:05,810 - INFO - 平衡控制已启动
2025-12-12 20:25:06,066 - INFO - speed线程已启动
2025-12-12 20:25:06,066 - INFO - 平衡控制已启动
2025-12-12 20:25:24,731 - INFO - speed线程已启动
2025-12-12 20:25:24,732 - INFO - 平衡控制已启动
2025-12-12 20:25:24,979 - INFO - speed线程已启动
2025-12-12 20:25:24,980 - INFO - 平衡控制已启动
2025-12-12 20:25:25,135 - INFO - speed线程已启动
2025-12-12 20:25:25,136 - INFO - 平衡控制已启动
2025-12-12 20:25:25,237 - INFO - speed线程已启动
2025-12-12 20:25:25,238 - INFO - 平衡控制已启动
2025-12-12 20:25:28,568 - INFO - 所有电机已失能
2025-12-12 20:26:20,242 - INFO - HTTP Request: GET http://localhost:7860/gradio_api/startup-events "HTTP/1.1 200 OK"
2025-12-12 20:26:20,280 - INFO - HTTP Request: HEAD http://localhost:7860/ "HTTP/1.1 200 OK"
2025-12-12 20:26:31,931 - INFO - 尝试创建 BalanceController（第 1 次）
2025-12-12 20:26:32,519 - INFO - 串口已打开
2025-12-12 20:26:34,410 - INFO - 电机已全部使能
2025-12-12 20:26:35,281 - INFO - 平衡控制线程已启动
2025-12-12 20:26:35,281 - INFO - 平衡控制已启动
2025-12-12 20:26:36,090 - INFO - 平衡循环启动
2025-12-12 20:26:41,417 - INFO - speed线程已启动
2025-12-12 20:26:41,418 - INFO - 平衡控制已启动
2025-12-12 20:26:41,672 - INFO - speed线程已启动
2025-12-12 20:26:41,673 - INFO - 平衡控制已启动
2025-12-12 20:26:41,778 - INFO - speed线程已启动
2025-12-12 20:26:41,779 - INFO - 平衡控制已启动
2025-12-12 20:26:42,030 - INFO - speed线程已启动
2025-12-12 20:26:42,031 - INFO - 平衡控制已启动
2025-12-12 20:26:42,088 - INFO - speed线程已启动
2025-12-12 20:26:42,092 - INFO - 平衡控制已启动
2025-12-12 20:26:45,718 - INFO - 所有电机已失能
2025-12-12 20:08:46,140 - INFO - HTTP Request: GET http://localhost:7860/gradio_api/startup-events "HTTP/1.1 200 OK"
2025-12-12 20:08:46,184 - INFO - HTTP Request: HEAD http://localhost:7860/ "HTTP/1.1 200 OK"
2025-12-12 20:10:10,999 - INFO - 尝试创建 BalanceController（第 1 次）
2025-12-12 20:10:11,592 - INFO - 串口已打开
2025-12-12 20:10:13,573 - INFO - 电机已全部使能
2025-12-12 20:10:15,500 - INFO - 平衡控制线程已启动
2025-12-12 20:10:15,500 - INFO - 平衡控制已启动
2025-12-12 20:10:16,307 - INFO - 平衡循环启动
2025-12-12 20:10:20,382 - INFO - speed线程已启动
2025-12-12 20:10:20,382 - INFO - 平衡控制已启动
2025-12-12 20:10:20,886 - INFO - speed线程已启动
2025-12-12 20:10:20,887 - INFO - 平衡控制已启动
2025-12-12 20:10:20,974 - INFO - 平衡循环已结束，资源已清理
2025-12-12 20:11:20,126 - INFO - 串口已打开（已存在实例）
2025-12-12 20:11:22,496 - INFO - 使能电机异常: Attempting to use a port that is not open
2025-12-12 20:11:43,762 - INFO - 串口已打开（已存在实例）
2025-12-12 20:11:44,920 - INFO - 使能电机异常: Attempting to use a port that is not open
2025-12-12 20:11:49,863 - INFO - 串口已打开（已存在实例）
2025-12-12 20:11:53,595 - INFO - 使能电机异常: Attempting to use a port that is not open
2025-12-12 20:09:29,266 - INFO - HTTP Request: GET http://localhost:7860/gradio_api/startup-events "HTTP/1.1 200 OK"
2025-12-12 20:09:29,310 - INFO - HTTP Request: HEAD http://localhost:7860/ "HTTP/1.1 200 OK"
2025-12-12 20:09:46,367 - INFO - 尝试创建 BalanceController（第 1 次）
2025-12-12 20:09:46,959 - INFO - 串口已打开
2025-12-12 20:09:49,649 - INFO - 电机已全部使能
2025-12-12 20:10:09,211 - INFO - 所有电机已失能
2025-12-12 20:10:53,446 - INFO - HTTP Request: GET http://localhost:7860/gradio_api/startup-events "HTTP/1.1 200 OK"
2025-12-12 20:10:53,484 - INFO - HTTP Request: HEAD http://localhost:7860/ "HTTP/1.1 200 OK"
2025-12-12 20:10:56,764 - INFO - 尝试创建 BalanceController（第 1 次）
2025-12-12 20:10:57,351 - INFO - 串口已打开
2025-12-12 20:11:01,238 - INFO - 电机已全部使能
2025-12-12 20:11:03,592 - INFO - 平衡控制线程已启动
2025-12-12 20:11:03,593 - INFO - 平衡控制已启动
2025-12-12 20:11:04,398 - INFO - 平衡循环启动
2025-12-12 20:11:09,054 - INFO - speed线程已启动
2025-12-12 20:11:09,057 - INFO - 平衡控制已启动
2025-12-12 20:11:09,870 - INFO - speed线程已启动
2025-12-12 20:11:09,871 - INFO - 平衡控制已启动
2025-12-12 20:11:55,611 - INFO - 所有电机已失能
2025-12-12 20:12:01,738 - INFO - 平衡循环已结束，资源已清理
2025-12-12 20:12:01,753 - INFO - 使能电机异常: argument must be an int, or have a fileno() method.
2025-12-12 20:12:15,917 - INFO - 失能电机异常: Attempting to use a port that is not open
2025-12-12 20:12:17,134 - INFO - 失能电机异常: Attempting to use a port that is not open
2025-12-12 20:12:17,994 - INFO - 失能电机异常: Attempting to use a port that is not open
2025-12-12 20:12:18,608 - INFO - 失能电机异常: Attempting to use a port that is not open
2025-12-12 20:12:18,808 - INFO - 失能电机异常: Attempting to use a port that is not open
2025-12-12 20:12:18,960 - INFO - 失能电机异常: Attempting to use a port that is not open
2025-12-12 20:12:19,114 - INFO - 失能电机异常: Attempting to use a port that is not open
2025-12-12 20:12:42,089 - INFO - HTTP Request: GET http://localhost:7860/gradio_api/startup-events "HTTP/1.1 200 OK"
2025-12-12 20:12:42,142 - INFO - HTTP Request: HEAD http://localhost:7860/ "HTTP/1.1 200 OK"
2025-12-12 20:12:48,092 - INFO - 尝试创建 BalanceController（第 1 次）
2025-12-12 20:12:48,678 - INFO - 串口已打开
2025-12-12 20:12:51,908 - INFO - 电机已全部使能
2025-12-12 20:12:53,191 - INFO - 平衡控制线程已启动
2025-12-12 20:12:53,192 - INFO - 平衡控制已启动
2025-12-12 20:12:53,999 - INFO - 平衡循环启动
2025-12-12 20:13:00,766 - INFO - speed线程已启动
2025-12-12 20:13:00,767 - INFO - 平衡控制已启动
2025-12-12 20:13:00,856 - INFO - 平衡循环已结束，资源已清理
2025-12-12 20:13:51,913 - INFO - HTTP Request: GET http://localhost:7860/gradio_api/startup-events "HTTP/1.1 200 OK"
2025-12-12 20:13:51,954 - INFO - HTTP Request: HEAD http://localhost:7860/ "HTTP/1.1 200 OK"
2025-12-12 20:13:55,687 - INFO - 尝试创建 BalanceController（第 1 次）
2025-12-12 20:13:56,274 - INFO - 串口已打开
2025-12-12 20:13:57,955 - INFO - 电机已全部使能
2025-12-12 20:13:59,283 - INFO - 平衡控制线程已启动
2025-12-12 20:13:59,284 - INFO - 平衡控制已启动
2025-12-12 20:14:00,090 - INFO - 平衡循环启动
2025-12-12 20:14:24,795 - INFO - speed线程已启动
2025-12-12 20:14:24,795 - INFO - 平衡控制已启动
2025-12-12 20:14:24,883 - INFO - 平衡循环已结束，资源已清理
2025-12-12 20:18:02,631 - INFO - HTTP Request: GET http://localhost:7860/gradio_api/startup-events "HTTP/1.1 200 OK"
2025-12-12 20:18:02,669 - INFO - HTTP Request: HEAD http://localhost:7860/ "HTTP/1.1 200 OK"
2025-12-12 20:18:08,691 - INFO - 尝试创建 BalanceController（第 1 次）
2025-12-12 20:18:09,276 - INFO - 串口已打开
2025-12-12 20:18:11,036 - INFO - 电机已全部使能
2025-12-12 20:18:11,924 - INFO - 平衡控制线程已启动
2025-12-12 20:18:11,924 - INFO - 平衡控制已启动
2025-12-12 20:18:12,730 - INFO - 平衡循环启动
2025-12-12 20:18:17,896 - INFO - speed线程已启动
2025-12-12 20:18:17,896 - INFO - 平衡控制已启动
2025-12-12 20:18:18,151 - INFO - speed线程已启动
2025-12-12 20:18:18,152 - INFO - 平衡控制已启动
2025-12-12 20:18:21,192 - INFO - speed线程已启动
2025-12-12 20:18:21,192 - INFO - 平衡控制已启动
2025-12-12 20:18:21,295 - INFO - speed线程已启动
2025-12-12 20:18:21,295 - INFO - 平衡控制已启动
2025-12-12 20:18:21,451 - INFO - speed线程已启动
2025-12-12 20:18:21,452 - INFO - 平衡控制已启动
2025-12-12 20:18:22,157 - INFO - speed线程已启动
2025-12-12 20:18:22,158 - INFO - 平衡控制已启动
2026-03-02 13:56:51,396 - INFO - HTTP Request: GET http://localhost:7860/gradio_api/startup-events "HTTP/1.1 200 OK"
2026-03-02 13:56:51,433 - INFO - HTTP Request: HEAD http://localhost:7860/ "HTTP/1.1 200 OK"
2026-03-02 13:57:18,159 - INFO - 尝试创建 BalanceController（第 1 次）
2026-03-02 13:57:18,752 - INFO - 串口已打开
2026-03-02 13:58:20,504 - INFO - HTTP Request: GET http://localhost:7860/gradio_api/startup-events "HTTP/1.1 200 OK"
2026-03-02 13:58:20,540 - INFO - HTTP Request: HEAD http://localhost:7860/ "HTTP/1.1 200 OK"
2026-03-02 13:58:20,954 - INFO - HTTP Request: GET https://api.gradio.app/pkg-version "HTTP/1.1 200 OK"
2026-03-02 13:58:22,998 - INFO - 尝试创建 BalanceController（第 1 次）
2026-03-02 13:58:23,588 - INFO - 串口已打开
2026-03-02 13:58:27,973 - INFO - 使能电机异常: 'BalanceController' object has no attribute 'zero_position'
2026-03-02 14:01:28,127 - INFO - HTTP Request: GET http://localhost:7860/gradio_api/startup-events "HTTP/1.1 200 OK"
2026-03-02 14:01:28,170 - INFO - HTTP Request: HEAD http://localhost:7860/ "HTTP/1.1 200 OK"
2026-03-02 14:01:29,777 - INFO - HTTP Request: GET https://api.gradio.app/pkg-version "HTTP/1.1 200 OK"
2026-03-02 14:01:37,905 - INFO - 尝试创建 BalanceController（第 1 次）
2026-03-02 14:01:38,492 - INFO - 串口已打开
2026-03-02 14:01:42,096 - INFO - 使能电机异常: 'BalanceController' object has no attribute 'zero_position'
2026-03-02 14:03:30,474 - INFO - HTTP Request: GET http://localhost:7860/gradio_api/startup-events "HTTP/1.1 200 OK"
2026-03-02 14:03:30,514 - INFO - HTTP Request: HEAD http://localhost:7860/ "HTTP/1.1 200 OK"
2026-03-02 14:03:31,131 - INFO - HTTP Request: GET https://api.gradio.app/pkg-version "HTTP/1.1 200 OK"
2026-03-02 14:03:33,999 - INFO - 尝试创建 BalanceController（第 1 次）
2026-03-02 14:03:34,585 - INFO - 串口已打开
2026-03-02 14:03:38,473 - INFO - 电机已全部使能
2026-03-02 14:03:40,943 - INFO - 平衡控制线程已启动
2026-03-02 14:03:40,946 - INFO - 平衡控制已启动
2026-03-02 14:03:43,370 - INFO - 平衡循环启动
2026-03-02 14:03:43,626 - INFO - 平衡循环已结束，资源已清理
2026-03-02 14:04:32,832 - INFO - HTTP Request: GET http://localhost:7860/gradio_api/startup-events "HTTP/1.1 200 OK"
2026-03-02 14:04:32,872 - INFO - HTTP Request: HEAD http://localhost:7860/ "HTTP/1.1 200 OK"
2026-03-02 14:04:33,291 - INFO - HTTP Request: GET https://api.gradio.app/pkg-version "HTTP/1.1 200 OK"
2026-03-02 14:04:36,461 - INFO - 尝试创建 BalanceController（第 1 次）
2026-03-02 14:04:37,048 - INFO - 串口已打开
2026-03-02 14:04:40,450 - INFO - 电机已全部使能
2026-03-02 14:04:49,540 - INFO - 平衡控制线程已启动
2026-03-02 14:04:49,541 - INFO - 平衡控制已启动
2026-03-02 14:04:51,966 - INFO - 平衡循环启动
2026-03-02 14:24:57,428 - INFO - HTTP Request: GET http://localhost:7860/gradio_api/startup-events "HTTP/1.1 200 OK"
2026-03-02 14:24:57,465 - INFO - HTTP Request: HEAD http://localhost:7860/ "HTTP/1.1 200 OK"
2026-03-02 14:24:58,029 - INFO - HTTP Request: GET https://api.gradio.app/pkg-version "HTTP/1.1 200 OK"
2026-03-02 14:25:01,046 - INFO - 尝试创建 BalanceController（第 1 次）
2026-03-02 14:25:01,633 - INFO - 串口已打开
2026-03-02 14:25:05,079 - INFO - 电机已全部使能
2026-03-02 14:25:06,796 - INFO - 平衡控制线程已启动
2026-03-02 14:25:06,796 - INFO - 平衡控制已启动
2026-03-02 14:25:09,225 - INFO - 平衡循环启动
2026-03-02 14:25:12,141 - INFO - speed线程已启动
2026-03-02 14:25:12,142 - INFO - 平衡控制已启动
2026-03-02 14:25:12,244 - INFO - speed线程已启动
2026-03-02 14:25:12,246 - INFO - 平衡控制已启动
2026-03-02 14:25:12,295 - INFO - speed线程已启动
2026-03-02 14:25:12,295 - INFO - 平衡控制已启动
2026-03-02 14:25:12,451 - INFO - speed线程已启动
2026-03-02 14:25:12,452 - INFO - 平衡控制已启动
2026-03-02 14:25:12,501 - INFO - speed线程已启动
2026-03-02 14:25:12,501 - INFO - 平衡控制已启动
2026-03-02 14:25:13,009 - INFO - speed线程已启动
2026-03-02 14:25:13,010 - INFO - 平衡控制已启动
2026-03-02 14:25:13,213 - INFO - speed线程已启动
2026-03-02 14:25:13,214 - INFO - 平衡控制已启动
2026-03-02 14:25:13,318 - INFO - speed线程已启动
2026-03-02 14:25:13,318 - INFO - 平衡控制已启动
2026-03-02 14:25:14,586 - INFO - speed线程已启动
2026-03-02 14:25:14,586 - INFO - 平衡控制已启动
2026-03-02 14:25:14,690 - INFO - speed线程已启动
2026-03-02 14:25:14,691 - INFO - 平衡控制已启动
2026-03-02 14:25:14,844 - INFO - speed线程已启动
2026-03-02 14:25:14,844 - INFO - 平衡控制已启动
2026-03-02 14:25:14,947 - INFO - speed线程已启动
2026-03-02 14:25:14,947 - INFO - 平衡控制已启动
2026-03-02 14:25:15,101 - INFO - speed线程已启动
2026-03-02 14:25:15,102 - INFO - 平衡控制已启动
2026-03-02 14:25:15,406 - INFO - speed线程已启动
2026-03-02 14:25:15,407 - INFO - 平衡控制已启动
2026-03-02 14:25:15,558 - INFO - speed线程已启动
2026-03-02 14:25:15,558 - INFO - 平衡控制已启动
2026-03-02 14:25:15,669 - INFO - speed线程已启动
2026-03-02 14:25:15,671 - INFO - 平衡控制已启动
2026-03-02 14:25:15,765 - INFO - speed线程已启动
2026-03-02 14:25:15,765 - INFO - 平衡控制已启动
2026-03-02 14:25:15,867 - INFO - speed线程已启动
2026-03-02 14:25:15,867 - INFO - 平衡控制已启动
2026-03-02 14:25:15,968 - INFO - speed线程已启动
2026-03-02 14:25:15,970 - INFO - 平衡控制已启动
2026-03-02 14:25:16,020 - INFO - speed线程已启动
2026-03-02 14:25:16,021 - INFO - 平衡控制已启动
2026-03-02 14:25:16,122 - INFO - speed线程已启动
2026-03-02 14:25:16,122 - INFO - 平衡控制已启动
2026-03-02 14:25:16,224 - INFO - speed线程已启动
2026-03-02 14:25:16,224 - INFO - 平衡控制已启动
2026-03-02 14:25:16,326 - INFO - speed线程已启动
2026-03-02 14:25:16,327 - INFO - 平衡控制已启动
2026-03-02 14:25:16,479 - INFO - speed线程已启动
2026-03-02 14:25:16,480 - INFO - 平衡控制已启动
2026-03-02 14:25:16,529 - INFO - speed线程已启动
2026-03-02 14:25:16,530 - INFO - 平衡控制已启动
2026-03-02 14:25:16,632 - INFO - speed线程已启动
2026-03-02 14:25:16,632 - INFO - 平衡控制已启动
2026-03-02 14:25:16,735 - INFO - speed线程已启动
2026-03-02 14:25:16,736 - INFO - 平衡控制已启动
2026-03-02 14:25:16,786 - INFO - speed线程已启动
2026-03-02 14:25:16,787 - INFO - 平衡控制已启动
2026-03-02 14:25:16,938 - INFO - speed线程已启动
2026-03-02 14:25:16,938 - INFO - 平衡控制已启动
2026-03-02 14:25:17,041 - INFO - speed线程已启动
2026-03-02 14:25:17,042 - INFO - 平衡控制已启动
2026-03-02 14:25:17,093 - INFO - speed线程已启动
2026-03-02 14:25:17,094 - INFO - 平衡控制已启动
2026-03-02 14:25:17,196 - INFO - speed线程已启动
2026-03-02 14:25:17,197 - INFO - 平衡控制已启动
2026-03-02 14:25:17,299 - INFO - speed线程已启动
2026-03-02 14:25:17,300 - INFO - 平衡控制已启动
2026-03-02 14:25:17,351 - INFO - speed线程已启动
2026-03-02 14:25:17,351 - INFO - 平衡控制已启动
2026-03-02 14:25:17,458 - INFO - speed线程已启动
2026-03-02 14:25:17,458 - INFO - 平衡控制已启动
2026-03-02 14:25:17,556 - INFO - speed线程已启动
2026-03-02 14:25:17,556 - INFO - 平衡控制已启动
2026-03-02 14:25:17,610 - INFO - speed线程已启动
2026-03-02 14:25:17,612 - INFO - 平衡控制已启动
2026-03-02 14:25:17,708 - INFO - speed线程已启动
2026-03-02 14:25:17,709 - INFO - 平衡控制已启动
2026-03-02 14:25:18,164 - INFO - speed线程已启动
2026-03-02 14:25:18,164 - INFO - 平衡控制已启动
2026-03-02 14:25:18,271 - INFO - speed线程已启动
2026-03-02 14:25:18,271 - INFO - 平衡控制已启动
2026-03-02 14:25:18,375 - INFO - speed线程已启动
2026-03-02 14:25:18,376 - INFO - 平衡控制已启动
2026-03-02 14:25:18,422 - INFO - speed线程已启动
2026-03-02 14:25:18,423 - INFO - 平衡控制已启动
2026-03-02 14:25:18,524 - INFO - speed线程已启动
2026-03-02 14:25:18,524 - INFO - 平衡控制已启动
2026-03-02 14:25:18,577 - INFO - speed线程已启动
2026-03-02 14:25:18,577 - INFO - 平衡控制已启动
2026-03-02 14:25:18,729 - INFO - speed线程已启动
2026-03-02 14:25:18,729 - INFO - 平衡控制已启动
2026-03-02 14:25:18,833 - INFO - speed线程已启动
2026-03-02 14:25:18,834 - INFO - 平衡控制已启动
2026-03-02 14:25:18,938 - INFO - speed线程已启动
2026-03-02 14:25:18,939 - INFO - 平衡控制已启动
2026-03-02 14:25:20,411 - INFO - speed线程已启动
2026-03-02 14:25:20,412 - INFO - 平衡控制已启动
2026-03-02 14:25:20,614 - INFO - speed线程已启动
2026-03-02 14:25:20,615 - INFO - 平衡控制已启动
2026-03-02 14:25:20,665 - INFO - speed线程已启动
2026-03-02 14:25:20,666 - INFO - 平衡控制已启动
2026-03-02 14:25:20,821 - INFO - speed线程已启动
2026-03-02 14:25:20,821 - INFO - 平衡控制已启动
2026-03-02 14:25:20,872 - INFO - speed线程已启动
2026-03-02 14:25:20,873 - INFO - 平衡控制已启动
2026-03-02 14:25:21,023 - INFO - speed线程已启动
2026-03-02 14:25:21,024 - INFO - 平衡控制已启动
2026-03-02 14:25:21,127 - INFO - speed线程已启动
2026-03-02 14:25:21,127 - INFO - 平衡控制已启动
2026-03-02 14:25:21,290 - INFO - speed线程已启动
2026-03-02 14:25:21,290 - INFO - 平衡控制已启动
2026-03-02 14:25:21,391 - INFO - speed线程已启动
2026-03-02 14:25:21,392 - INFO - 平衡控制已启动
2026-03-02 14:25:21,491 - INFO - speed线程已启动
2026-03-02 14:25:21,492 - INFO - 平衡控制已启动
2026-03-02 14:25:21,592 - INFO - speed线程已启动
2026-03-02 14:25:21,592 - INFO - 平衡控制已启动
2026-03-02 14:25:21,694 - INFO - speed线程已启动
2026-03-02 14:25:21,694 - INFO - 平衡控制已启动
2026-03-02 14:25:21,795 - INFO - speed线程已启动
2026-03-02 14:25:21,796 - INFO - 平衡控制已启动
2026-03-02 14:25:22,253 - INFO - speed线程已启动
2026-03-02 14:25:22,253 - INFO - 平衡控制已启动
2026-03-02 14:25:22,303 - INFO - speed线程已启动
2026-03-02 14:25:22,305 - INFO - 平衡控制已启动
2026-03-02 14:25:22,408 - INFO - speed线程已启动
2026-03-02 14:25:22,409 - INFO - 平衡控制已启动
2026-03-03 20:46:24,767 - INFO - HTTP Request: GET http://localhost:7860/gradio_api/startup-events "HTTP/1.1 200 OK"
2026-03-03 20:46:24,807 - INFO - HTTP Request: HEAD http://localhost:7860/ "HTTP/1.1 200 OK"
2026-03-03 20:46:25,859 - INFO - HTTP Request: GET https://api.gradio.app/pkg-version "HTTP/1.1 200 OK"
2026-03-03 20:46:33,138 - INFO - 控制arms异常: HTTPConnectionPool(host='127.0.0.1', port=8081): Max retries exceeded with url: /action-group/run (Caused by NewConnectionError("HTTPConnection(host='127.0.0.1', port=8081): Failed to establish a new connection: [Errno 111] Connection refused"))
2026-03-03 20:49:21,300 - INFO - 成功控制arms
2026-03-03 20:52:14,327 - INFO - 成功控制arms
2026-03-03 21:04:20,616 - INFO - HTTP Request: GET https://api.gradio.app/pkg-version "HTTP/1.1 200 OK"
2026-03-03 21:04:50,343 - INFO - HTTP Request: GET https://api.gradio.app/pkg-version "HTTP/1.1 200 OK"
2026-03-03 21:05:21,849 - INFO - HTTP Request: GET https://api.gradio.app/pkg-version "HTTP/1.1 200 OK"
2026-03-03 21:05:54,418 - INFO - HTTP Request: GET https://api.gradio.app/pkg-version "HTTP/1.1 200 OK"
2026-03-03 21:06:51,631 - INFO - HTTP Request: GET http://localhost:7860/gradio_api/startup-events "HTTP/1.1 200 OK"
2026-03-03 21:06:51,669 - INFO - HTTP Request: HEAD http://localhost:7860/ "HTTP/1.1 200 OK"
2026-03-03 21:38:38,073 - INFO - 尝试创建 BalanceController（第 1 次）
2026-03-03 21:38:38,664 - INFO - 串口已打开
2026-03-03 21:38:42,364 - INFO - 电机已全部使能
2026-03-03 21:38:48,514 - INFO - 平衡控制线程已启动
2026-03-03 21:38:48,514 - INFO - 平衡控制已启动
2026-03-03 21:38:50,940 - INFO - 平衡循环启动
2026-03-03 21:39:00,405 - INFO - speed线程已启动
2026-03-03 21:39:00,406 - INFO - 平衡控制已启动
2026-03-03 21:39:01,416 - INFO - speed线程已启动
2026-03-03 21:39:01,416 - INFO - 平衡控制已启动
2026-03-03 21:39:01,671 - INFO - speed线程已启动
2026-03-03 21:39:01,671 - INFO - 平衡控制已启动
2026-03-03 21:39:01,923 - INFO - speed线程已启动
2026-03-03 21:39:01,924 - INFO - 平衡控制已启动
2026-03-03 21:39:01,974 - INFO - speed线程已启动
2026-03-03 21:39:01,975 - INFO - 平衡控制已启动
2026-03-03 21:39:02,025 - INFO - speed线程已启动
2026-03-03 21:39:02,026 - INFO - 平衡控制已启动
2026-03-03 21:39:02,076 - INFO - speed线程已启动
2026-03-03 21:39:02,077 - INFO - 平衡控制已启动
2026-03-03 21:39:02,128 - INFO - speed线程已启动
2026-03-03 21:39:02,129 - INFO - 平衡控制已启动
2026-03-03 21:39:02,280 - INFO - speed线程已启动
2026-03-03 21:39:02,281 - INFO - 平衡控制已启动
2026-03-03 21:39:02,382 - INFO - speed线程已启动
2026-03-03 21:39:02,382 - INFO - 平衡控制已启动
2026-03-03 21:39:02,484 - INFO - speed线程已启动
2026-03-03 21:39:02,484 - INFO - 平衡控制已启动
2026-03-03 21:39:02,586 - INFO - speed线程已启动
2026-03-03 21:39:02,587 - INFO - 平衡控制已启动
2026-03-03 21:39:02,637 - INFO - speed线程已启动
2026-03-03 21:39:02,637 - INFO - 平衡控制已启动
2026-03-03 21:39:02,689 - INFO - speed线程已启动
2026-03-03 21:39:02,689 - INFO - 平衡控制已启动
2026-03-03 21:39:02,842 - INFO - speed线程已启动
2026-03-03 21:39:02,842 - INFO - 平衡控制已启动
2026-03-03 21:39:02,993 - INFO - speed线程已启动
2026-03-03 21:39:02,993 - INFO - 平衡控制已启动
2026-03-03 21:39:03,096 - INFO - speed线程已启动
2026-03-03 21:39:03,097 - INFO - 平衡控制已启动
2026-03-03 21:39:03,197 - INFO - speed线程已启动
2026-03-03 21:39:03,198 - INFO - 平衡控制已启动
2026-03-03 21:39:03,450 - INFO - speed线程已启动
2026-03-03 21:39:03,451 - INFO - 平衡控制已启动
2026-03-03 21:39:03,755 - INFO - speed线程已启动
2026-03-03 21:39:03,757 - INFO - 平衡控制已启动
2026-03-03 21:39:03,858 - INFO - speed线程已启动
2026-03-03 21:39:03,859 - INFO - 平衡控制已启动
2026-03-03 21:39:03,908 - INFO - speed线程已启动
2026-03-03 21:39:03,909 - INFO - 平衡控制已启动
2026-03-03 21:39:04,010 - INFO - speed线程已启动
2026-03-03 21:39:04,010 - INFO - 平衡控制已启动
2026-03-03 21:39:04,164 - INFO - speed线程已启动
2026-03-03 21:39:04,165 - INFO - 平衡控制已启动
2026-03-03 21:39:04,265 - INFO - speed线程已启动
2026-03-03 21:39:04,265 - INFO - 平衡控制已启动
2026-03-03 21:39:04,420 - INFO - speed线程已启动
2026-03-03 21:39:04,421 - INFO - 平衡控制已启动
2026-03-03 21:39:04,674 - INFO - speed线程已启动
2026-03-03 21:39:04,675 - INFO - 平衡控制已启动
2026-03-03 21:39:04,777 - INFO - speed线程已启动
2026-03-03 21:39:04,777 - INFO - 平衡控制已启动
2026-03-03 21:39:04,928 - INFO - speed线程已启动
2026-03-03 21:39:04,928 - INFO - 平衡控制已启动
2026-03-03 21:39:05,031 - INFO - speed线程已启动
2026-03-03 21:39:05,032 - INFO - 平衡控制已启动
2026-03-03 21:39:05,133 - INFO - speed线程已启动
2026-03-03 21:39:05,134 - INFO - 平衡控制已启动
2026-03-03 21:39:05,234 - INFO - speed线程已启动
2026-03-03 21:39:05,235 - INFO - 平衡控制已启动
2026-03-03 21:39:05,536 - INFO - speed线程已启动
2026-03-03 21:39:05,536 - INFO - 平衡控制已启动
2026-03-03 21:39:05,590 - INFO - speed线程已启动
2026-03-03 21:39:05,592 - INFO - 平衡控制已启动
2026-03-03 21:39:05,792 - INFO - speed线程已启动
2026-03-03 21:39:05,793 - INFO - 平衡控制已启动
2026-03-03 21:39:05,891 - INFO - speed线程已启动
2026-03-03 21:39:05,892 - INFO - 平衡控制已启动
2026-03-03 21:39:06,048 - INFO - speed线程已启动
2026-03-03 21:39:06,048 - INFO - 平衡控制已启动
2026-03-03 21:39:06,098 - INFO - speed线程已启动
2026-03-03 21:39:06,098 - INFO - 平衡控制已启动
2026-03-03 21:39:06,350 - INFO - speed线程已启动
2026-03-03 21:39:06,352 - INFO - 平衡控制已启动
2026-03-03 21:39:06,403 - INFO - speed线程已启动
2026-03-03 21:39:06,403 - INFO - 平衡控制已启动
2026-03-03 21:39:06,505 - INFO - speed线程已启动
2026-03-03 21:39:06,505 - INFO - 平衡控制已启动
2026-03-03 21:39:06,961 - INFO - speed线程已启动
2026-03-03 21:39:06,961 - INFO - 平衡控制已启动
2026-03-03 21:39:07,011 - INFO - speed线程已启动
2026-03-03 21:39:07,011 - INFO - 平衡控制已启动
2026-03-03 21:39:07,165 - INFO - speed线程已启动
2026-03-03 21:39:07,166 - INFO - 平衡控制已启动
2026-03-03 21:39:07,317 - INFO - speed线程已启动
2026-03-03 21:39:07,318 - INFO - 平衡控制已启动
2026-03-03 21:39:07,523 - INFO - speed线程已启动
2026-03-03 21:39:07,523 - INFO - 平衡控制已启动
2026-03-03 21:39:07,674 - INFO - speed线程已启动
2026-03-03 21:39:07,675 - INFO - 平衡控制已启动
2026-03-03 21:39:08,181 - INFO - speed线程已启动
2026-03-03 21:39:08,181 - INFO - 平衡控制已启动
2026-03-03 21:39:08,282 - INFO - speed线程已启动
2026-03-03 21:39:08,283 - INFO - 平衡控制已启动
2026-03-03 21:39:08,691 - INFO - speed线程已启动
2026-03-03 21:39:08,693 - INFO - 平衡控制已启动
2026-03-03 21:39:08,994 - INFO - speed线程已启动
2026-03-03 21:39:08,994 - INFO - 平衡控制已启动
2026-03-03 21:39:09,045 - INFO - speed线程已启动
2026-03-03 21:39:09,045 - INFO - 平衡控制已启动
2026-03-03 21:39:09,146 - INFO - speed线程已启动
2026-03-03 21:39:09,146 - INFO - 平衡控制已启动
2026-03-03 21:39:10,005 - INFO - speed线程已启动
2026-03-03 21:39:10,006 - INFO - 平衡控制已启动
2026-03-03 21:39:10,054 - INFO - speed线程已启动
2026-03-03 21:39:10,054 - INFO - 平衡控制已启动
2026-03-03 21:39:10,409 - INFO - speed线程已启动
2026-03-03 21:39:10,409 - INFO - 平衡控制已启动
2026-03-03 21:39:10,613 - INFO - speed线程已启动
2026-03-03 21:39:10,614 - INFO - 平衡控制已启动
2026-03-03 21:39:10,767 - INFO - speed线程已启动
2026-03-03 21:39:10,767 - INFO - 平衡控制已启动
2026-03-03 21:39:15,157 - INFO - speed线程已启动
2026-03-03 21:39:15,158 - INFO - 平衡控制已启动
2026-03-03 21:39:15,360 - INFO - speed线程已启动
2026-03-03 21:39:15,363 - INFO - 平衡控制已启动
2026-03-03 21:39:15,767 - INFO - speed线程已启动
2026-03-03 21:39:15,768 - INFO - 平衡控制已启动
2026-03-03 21:39:15,868 - INFO - speed线程已启动
2026-03-03 21:39:15,868 - INFO - 平衡控制已启动
2026-03-03 21:39:15,970 - INFO - speed线程已启动
2026-03-03 21:39:15,972 - INFO - 平衡控制已启动
2026-03-03 21:39:16,018 - INFO - speed线程已启动
2026-03-03 21:39:16,019 - INFO - 平衡控制已启动
2026-03-03 21:39:16,122 - INFO - speed线程已启动
2026-03-03 21:39:16,124 - INFO - 平衡控制已启动
2026-03-03 21:39:16,221 - INFO - speed线程已启动
2026-03-03 21:39:16,222 - INFO - 平衡控制已启动
2026-03-03 21:39:16,780 - INFO - speed线程已启动
2026-03-03 21:39:16,781 - INFO - 平衡控制已启动
2026-03-03 21:39:16,881 - INFO - speed线程已启动
2026-03-03 21:39:16,881 - INFO - 平衡控制已启动
2026-03-03 21:39:19,152 - INFO - speed线程已启动
2026-03-03 21:39:19,152 - INFO - 平衡控制已启动
2026-03-03 21:39:19,656 - INFO - speed线程已启动
2026-03-03 21:39:19,657 - INFO - 平衡控制已启动
2026-03-03 21:39:19,759 - INFO - speed线程已启动
2026-03-03 21:39:19,759 - INFO - 平衡控制已启动
2026-03-03 21:39:20,162 - INFO - speed线程已启动
2026-03-03 21:39:20,163 - INFO - 平衡控制已启动
2026-03-03 21:39:20,469 - INFO - speed线程已启动
2026-03-03 21:39:20,469 - INFO - 平衡控制已启动
2026-03-03 21:39:21,176 - INFO - speed线程已启动
2026-03-03 21:39:21,178 - INFO - 平衡控制已启动
2026-03-03 21:39:21,580 - INFO - speed线程已启动
2026-03-03 21:39:21,581 - INFO - 平衡控制已启动
2026-03-03 21:39:21,887 - INFO - speed线程已启动
2026-03-03 21:39:21,889 - INFO - 平衡控制已启动
2026-03-03 21:39:22,949 - INFO - speed线程已启动
2026-03-03 21:39:22,949 - INFO - 平衡控制已启动
2026-03-03 21:39:23,202 - INFO - speed线程已启动
2026-03-03 21:39:23,203 - INFO - 平衡控制已启动
2026-03-03 21:39:23,405 - INFO - speed线程已启动
2026-03-03 21:39:23,406 - INFO - 平衡控制已启动
2026-03-03 21:39:24,066 - INFO - speed线程已启动
2026-03-03 21:39:24,066 - INFO - 平衡控制已启动
2026-03-03 21:39:24,117 - INFO - speed线程已启动
2026-03-03 21:39:24,118 - INFO - 平衡控制已启动
2026-03-03 21:39:24,168 - INFO - speed线程已启动
2026-03-03 21:39:24,169 - INFO - 平衡控制已启动
2026-03-03 21:39:24,218 - INFO - speed线程已启动
2026-03-03 21:39:24,219 - INFO - 平衡控制已启动
2026-03-03 21:39:24,268 - INFO - speed线程已启动
2026-03-03 21:39:24,269 - INFO - 平衡控制已启动
2026-03-03 21:39:24,773 - INFO - speed线程已启动
2026-03-03 21:39:24,774 - INFO - 平衡控制已启动
2026-03-03 21:39:24,874 - INFO - speed线程已启动
2026-03-03 21:39:24,874 - INFO - 平衡控制已启动
2026-03-03 21:39:29,473 - INFO - speed线程已启动
2026-03-03 21:39:29,474 - INFO - 平衡控制已启动
2026-03-03 21:39:29,981 - INFO - speed线程已启动
2026-03-03 21:39:29,981 - INFO - 平衡控制已启动
2026-03-03 21:39:30,133 - INFO - speed线程已启动
2026-03-03 21:39:30,134 - INFO - 平衡控制已启动
2026-03-03 21:39:30,286 - INFO - speed线程已启动
2026-03-03 21:39:30,287 - INFO - 平衡控制已启动
2026-03-03 21:39:30,592 - INFO - speed线程已启动
2026-03-03 21:39:30,593 - INFO - 平衡控制已启动
2026-03-03 21:39:30,693 - INFO - speed线程已启动
2026-03-03 21:39:30,694 - INFO - 平衡控制已启动
2026-03-03 21:39:30,796 - INFO - speed线程已启动
2026-03-03 21:39:30,797 - INFO - 平衡控制已启动
2026-03-03 21:39:30,898 - INFO - speed线程已启动
2026-03-03 21:39:30,899 - INFO - 平衡控制已启动
2026-03-03 21:39:31,050 - INFO - speed线程已启动
2026-03-03 21:39:31,050 - INFO - 平衡控制已启动
2026-03-03 21:39:31,102 - INFO - speed线程已启动
2026-03-03 21:39:31,102 - INFO - 平衡控制已启动
2026-03-03 21:39:31,155 - INFO - speed线程已启动
2026-03-03 21:39:31,156 - INFO - 平衡控制已启动
2026-03-03 21:39:31,208 - INFO - speed线程已启动
2026-03-03 21:39:31,209 - INFO - 平衡控制已启动
2026-03-03 21:39:31,257 - INFO - speed线程已启动
2026-03-03 21:39:31,257 - INFO - 平衡控制已启动
2026-03-03 21:39:31,307 - INFO - speed线程已启动
2026-03-03 21:39:31,308 - INFO - 平衡控制已启动
2026-03-03 21:39:31,360 - INFO - speed线程已启动
2026-03-03 21:39:31,361 - INFO - 平衡控制已启动
2026-03-03 21:39:31,409 - INFO - speed线程已启动
2026-03-03 21:39:31,410 - INFO - 平衡控制已启动
2026-03-03 21:39:31,461 - INFO - speed线程已启动
2026-03-03 21:39:31,461 - INFO - 平衡控制已启动
2026-03-03 21:39:31,512 - INFO - speed线程已启动
2026-03-03 21:39:31,512 - INFO - 平衡控制已启动
2026-03-03 21:39:31,716 - INFO - speed线程已启动
2026-03-03 21:39:31,717 - INFO - 平衡控制已启动
2026-03-03 21:39:31,819 - INFO - speed线程已启动
2026-03-03 21:39:31,819 - INFO - 平衡控制已启动
2026-03-03 21:39:31,971 - INFO - speed线程已启动
2026-03-03 21:39:31,972 - INFO - 平衡控制已启动
2026-03-03 21:39:32,074 - INFO - speed线程已启动
2026-03-03 21:39:32,074 - INFO - 平衡控制已启动
2026-03-03 21:39:32,124 - INFO - speed线程已启动
2026-03-03 21:39:32,125 - INFO - 平衡控制已启动
2026-03-03 21:39:32,224 - INFO - speed线程已启动
2026-03-03 21:39:32,225 - INFO - 平衡控制已启动
2026-03-03 21:39:32,326 - INFO - speed线程已启动
2026-03-03 21:39:32,327 - INFO - 平衡控制已启动
2026-03-03 21:39:32,477 - INFO - speed线程已启动
2026-03-03 21:39:32,478 - INFO - 平衡控制已启动
2026-03-03 21:39:32,630 - INFO - speed线程已启动
2026-03-03 21:39:32,631 - INFO - 平衡控制已启动
2026-03-03 21:39:34,904 - INFO - speed线程已启动
2026-03-03 21:39:34,905 - INFO - 平衡控制已启动
2026-03-03 21:39:35,106 - INFO - speed线程已启动
2026-03-03 21:39:35,107 - INFO - 平衡控制已启动
2026-03-03 21:39:35,511 - INFO - speed线程已启动
2026-03-03 21:39:35,513 - INFO - 平衡控制已启动
2026-03-03 21:39:35,614 - INFO - speed线程已启动
2026-03-03 21:39:35,616 - INFO - 平衡控制已启动
2026-03-03 21:39:36,221 - INFO - speed线程已启动
2026-03-03 21:39:36,221 - INFO - 平衡控制已启动
2026-03-03 21:39:36,374 - INFO - speed线程已启动
2026-03-03 21:39:36,375 - INFO - 平衡控制已启动
2026-03-03 21:39:36,424 - INFO - speed线程已启动
2026-03-03 21:39:36,425 - INFO - 平衡控制已启动
2026-03-03 21:39:36,831 - INFO - speed线程已启动
2026-03-03 21:39:36,831 - INFO - 平衡控制已启动
2026-03-03 21:39:36,931 - INFO - speed线程已启动
2026-03-03 21:39:36,932 - INFO - 平衡控制已启动
2026-03-03 21:39:38,501 - INFO - speed线程已启动
2026-03-03 21:39:38,502 - INFO - 平衡控制已启动
2026-03-03 21:39:38,603 - INFO - speed线程已启动
2026-03-03 21:39:38,604 - INFO - 平衡控制已启动
2026-03-03 21:39:42,949 - INFO - 所有电机已失能
2026-03-03 21:40:08,874 - INFO - 使能电机异常: device reports readiness to read but returned no data (device disconnected or multiple access on port?)
2026-03-03 21:40:28,176 - INFO - 启动平衡控制失败：电机未使能
2026-03-03 21:40:32,420 - INFO - 使能电机异常: device reports readiness to read but returned no data (device disconnected or multiple access on port?)
2026-03-03 21:40:34,298 - INFO - 串口已打开（已存在实例）
2026-03-03 21:40:38,444 - INFO - 电机已全部使能
2026-03-03 21:40:40,238 - INFO - 平衡控制线程已启动
2026-03-03 21:40:40,239 - INFO - 平衡控制已启动
2026-03-03 21:40:41,952 - INFO - 平衡循环异常: device reports readiness to read but returned no data (device disconnected or multiple access on port?)
2026-03-03 21:40:42,201 - INFO - 平衡循环已结束，资源已清理
2026-03-03 21:40:42,205 - INFO - 平衡循环已结束，资源已清理
2026-03-03 21:40:01,772 - INFO - HTTP Request: GET http://localhost:7860/gradio_api/startup-events "HTTP/1.1 200 OK"
2026-03-03 21:40:01,808 - INFO - HTTP Request: HEAD http://localhost:7860/ "HTTP/1.1 200 OK"
2026-03-03 21:40:59,949 - INFO - 尝试创建 BalanceController（第 1 次）
2026-03-03 21:41:00,535 - INFO - 串口已打开
2026-03-03 21:41:04,038 - INFO - 电机已全部使能
2026-03-03 21:41:07,084 - INFO - 平衡控制线程已启动
2026-03-03 21:41:07,084 - INFO - 平衡控制已启动
2026-03-03 21:41:09,505 - INFO - 平衡循环启动
2026-03-03 21:41:16,816 - INFO - speed线程已启动
2026-03-03 21:41:16,817 - INFO - 平衡控制已启动
2026-03-03 21:41:17,425 - INFO - speed线程已启动
2026-03-03 21:41:17,426 - INFO - 平衡控制已启动
2026-03-03 21:41:17,527 - INFO - speed线程已启动
2026-03-03 21:41:17,528 - INFO - 平衡控制已启动
2026-03-03 21:41:17,628 - INFO - speed线程已启动
2026-03-03 21:41:17,628 - INFO - 平衡控制已启动
2026-03-03 21:41:17,730 - INFO - speed线程已启动
2026-03-03 21:41:17,731 - INFO - 平衡控制已启动
2026-03-03 21:41:17,781 - INFO - speed线程已启动
2026-03-03 21:41:17,782 - INFO - 平衡控制已启动
2026-03-03 21:41:17,832 - INFO - speed线程已启动
2026-03-03 21:41:17,833 - INFO - 平衡控制已启动
2026-03-03 21:41:17,984 - INFO - speed线程已启动
2026-03-03 21:41:17,984 - INFO - 平衡控制已启动
2026-03-03 21:41:18,138 - INFO - speed线程已启动
2026-03-03 21:41:18,138 - INFO - 平衡控制已启动
2026-03-03 21:41:18,441 - INFO - speed线程已启动
2026-03-03 21:41:18,441 - INFO - 平衡控制已启动
2026-03-03 21:41:18,847 - INFO - speed线程已启动
2026-03-03 21:41:18,847 - INFO - 平衡控制已启动
2026-03-03 21:41:19,151 - INFO - speed线程已启动
2026-03-03 21:41:19,151 - INFO - 平衡控制已启动
2026-03-03 21:41:19,201 - INFO - speed线程已启动
2026-03-03 21:41:19,202 - INFO - 平衡控制已启动
2026-03-03 21:41:19,252 - INFO - speed线程已启动
2026-03-03 21:41:19,253 - INFO - 平衡控制已启动
2026-03-03 21:41:19,354 - INFO - speed线程已启动
2026-03-03 21:41:19,355 - INFO - 平衡控制已启动
2026-03-03 21:41:19,405 - INFO - speed线程已启动
2026-03-03 21:41:19,406 - INFO - 平衡控制已启动
2026-03-03 21:41:19,456 - INFO - speed线程已启动
2026-03-03 21:41:19,456 - INFO - 平衡控制已启动
2026-03-03 21:41:19,506 - INFO - speed线程已启动
2026-03-03 21:41:19,507 - INFO - 平衡控制已启动
2026-03-03 21:41:19,608 - INFO - speed线程已启动
2026-03-03 21:41:19,609 - INFO - 平衡控制已启动
2026-03-03 21:41:19,711 - INFO - speed线程已启动
2026-03-03 21:41:19,711 - INFO - 平衡控制已启动
2026-03-03 21:41:19,762 - INFO - speed线程已启动
2026-03-03 21:41:19,763 - INFO - 平衡控制已启动
2026-03-03 21:41:19,813 - INFO - speed线程已启动
2026-03-03 21:41:19,813 - INFO - 平衡控制已启动
2026-03-03 21:41:19,917 - INFO - speed线程已启动
2026-03-03 21:41:19,917 - INFO - 平衡控制已启动
2026-03-03 21:41:20,021 - INFO - speed线程已启动
2026-03-03 21:41:20,022 - INFO - 平衡控制已启动
2026-03-03 21:41:20,072 - INFO - speed线程已启动
2026-03-03 21:41:20,073 - INFO - 平衡控制已启动
2026-03-03 21:41:20,123 - INFO - speed线程已启动
2026-03-03 21:41:20,123 - INFO - 平衡控制已启动
2026-03-03 21:41:20,173 - INFO - speed线程已启动
2026-03-03 21:41:20,173 - INFO - 平衡控制已启动
2026-03-03 21:41:20,275 - INFO - speed线程已启动
2026-03-03 21:41:20,275 - INFO - 平衡控制已启动
2026-03-03 21:41:20,326 - INFO - speed线程已启动
2026-03-03 21:41:20,326 - INFO - 平衡控制已启动
2026-03-03 21:41:20,379 - INFO - speed线程已启动
2026-03-03 21:41:20,379 - INFO - 平衡控制已启动
2026-03-03 21:41:20,480 - INFO - speed线程已启动
2026-03-03 21:41:20,481 - INFO - 平衡控制已启动
2026-03-03 21:41:20,581 - INFO - speed线程已启动
2026-03-03 21:41:20,582 - INFO - 平衡控制已启动
2026-03-03 21:41:20,634 - INFO - speed线程已启动
2026-03-03 21:41:20,635 - INFO - 平衡控制已启动
2026-03-03 21:41:20,737 - INFO - speed线程已启动
2026-03-03 21:41:20,738 - INFO - 平衡控制已启动
2026-03-03 21:41:21,443 - INFO - speed线程已启动
2026-03-03 21:41:21,443 - INFO - 平衡控制已启动
2026-03-03 21:41:21,543 - INFO - speed线程已启动
2026-03-03 21:41:21,544 - INFO - 平衡控制已启动
2026-03-03 21:41:21,594 - INFO - speed线程已启动
2026-03-03 21:41:21,594 - INFO - 平衡控制已启动
2026-03-03 21:41:21,847 - INFO - speed线程已启动
2026-03-03 21:41:21,847 - INFO - 平衡控制已启动
2026-03-03 21:41:21,999 - INFO - speed线程已启动
2026-03-03 21:41:21,999 - INFO - 平衡控制已启动
2026-03-03 21:41:22,151 - INFO - speed线程已启动
2026-03-03 21:41:22,152 - INFO - 平衡控制已启动
2026-03-03 21:41:22,253 - INFO - speed线程已启动
2026-03-03 21:41:22,254 - INFO - 平衡控制已启动
2026-03-03 21:41:22,355 - INFO - speed线程已启动
2026-03-03 21:41:22,355 - INFO - 平衡控制已启动
2026-03-03 21:41:22,456 - INFO - speed线程已启动
2026-03-03 21:41:22,456 - INFO - 平衡控制已启动
2026-03-03 21:41:22,559 - INFO - speed线程已启动
2026-03-03 21:41:22,560 - INFO - 平衡控制已启动
2026-03-03 21:41:22,661 - INFO - speed线程已启动
2026-03-03 21:41:22,661 - INFO - 平衡控制已启动
2026-03-03 21:41:22,815 - INFO - speed线程已启动
2026-03-03 21:41:22,815 - INFO - 平衡控制已启动
2026-03-03 21:41:23,068 - INFO - speed线程已启动
2026-03-03 21:41:23,069 - INFO - 平衡控制已启动
2026-03-03 21:41:23,171 - INFO - speed线程已启动
2026-03-03 21:41:23,172 - INFO - 平衡控制已启动
2026-03-03 21:41:23,276 - INFO - speed线程已启动
2026-03-03 21:41:23,276 - INFO - 平衡控制已启动
2026-03-03 21:41:23,377 - INFO - speed线程已启动
2026-03-03 21:41:23,377 - INFO - 平衡控制已启动
2026-03-03 21:41:23,478 - INFO - speed线程已启动
2026-03-03 21:41:23,478 - INFO - 平衡控制已启动
2026-03-03 21:41:23,633 - INFO - speed线程已启动
2026-03-03 21:41:23,634 - INFO - 平衡控制已启动
2026-03-03 21:41:23,733 - INFO - speed线程已启动
2026-03-03 21:41:23,734 - INFO - 平衡控制已启动
2026-03-03 21:41:23,835 - INFO - speed线程已启动
2026-03-03 21:41:23,836 - INFO - 平衡控制已启动
2026-03-03 21:41:23,938 - INFO - speed线程已启动
2026-03-03 21:41:23,940 - INFO - 平衡控制已启动
2026-03-03 21:41:24,999 - INFO - speed线程已启动
2026-03-03 21:41:25,000 - INFO - 平衡控制已启动
2026-03-03 21:41:25,404 - INFO - speed线程已启动
2026-03-03 21:41:25,405 - INFO - 平衡控制已启动
2026-03-03 21:41:25,455 - INFO - speed线程已启动
2026-03-03 21:41:25,456 - INFO - 平衡控制已启动
2026-03-03 21:41:25,810 - INFO - speed线程已启动
2026-03-03 21:41:25,811 - INFO - 平衡控制已启动
2026-03-03 21:41:26,469 - INFO - speed线程已启动
2026-03-03 21:41:26,469 - INFO - 平衡控制已启动
2026-03-03 21:41:26,673 - INFO - speed线程已启动
2026-03-03 21:41:26,676 - INFO - 平衡控制已启动
2026-03-03 21:41:26,977 - INFO - speed线程已启动
2026-03-03 21:41:26,977 - INFO - 平衡控制已启动
2026-03-03 21:41:27,684 - INFO - speed线程已启动
2026-03-03 21:41:27,685 - INFO - 平衡控制已启动
2026-03-03 21:41:27,738 - INFO - speed线程已启动
2026-03-03 21:41:27,738 - INFO - 平衡控制已启动
2026-03-03 21:41:27,791 - INFO - speed线程已启动
2026-03-03 21:41:27,794 - INFO - 平衡控制已启动
2026-03-03 21:41:27,840 - INFO - speed线程已启动
2026-03-03 21:41:27,840 - INFO - 平衡控制已启动
2026-03-03 21:41:27,943 - INFO - speed线程已启动
2026-03-03 21:41:27,945 - INFO - 平衡控制已启动
2026-03-03 21:41:28,043 - INFO - speed线程已启动
2026-03-03 21:41:28,043 - INFO - 平衡控制已启动
2026-03-03 21:41:28,146 - INFO - speed线程已启动
2026-03-03 21:41:28,146 - INFO - 平衡控制已启动
2026-03-03 21:41:29,211 - INFO - speed线程已启动
2026-03-03 21:41:29,212 - INFO - 平衡控制已启动
2026-03-03 21:41:29,261 - INFO - speed线程已启动
2026-03-03 21:41:29,262 - INFO - 平衡控制已启动
2026-03-03 21:41:29,364 - INFO - speed线程已启动
2026-03-03 21:41:29,364 - INFO - 平衡控制已启动
2026-03-03 21:41:29,467 - INFO - speed线程已启动
2026-03-03 21:41:29,470 - INFO - 平衡控制已启动
2026-03-03 21:41:29,719 - INFO - speed线程已启动
2026-03-03 21:41:29,720 - INFO - 平衡控制已启动
2026-03-03 21:41:29,820 - INFO - speed线程已启动
2026-03-03 21:41:29,820 - INFO - 平衡控制已启动
2026-03-03 21:41:30,125 - INFO - speed线程已启动
2026-03-03 21:41:30,128 - INFO - 平衡控制已启动
2026-03-03 21:41:30,629 - INFO - speed线程已启动
2026-03-03 21:41:30,629 - INFO - 平衡控制已启动
2026-03-03 21:41:31,034 - INFO - speed线程已启动
2026-03-03 21:41:31,034 - INFO - 平衡控制已启动
2026-03-03 21:41:31,538 - INFO - speed线程已启动
2026-03-03 21:41:31,539 - INFO - 平衡控制已启动
2026-03-03 21:44:21,735 - INFO - speed线程已启动
2026-03-03 21:44:21,736 - INFO - 平衡控制已启动
2026-03-03 21:44:25,018 - INFO - speed线程已启动
2026-03-03 21:44:25,018 - INFO - 平衡控制已启动
2026-03-03 21:44:25,930 - INFO - speed线程已启动
2026-03-03 21:44:25,931 - INFO - 平衡控制已启动
2026-03-03 21:44:26,084 - INFO - speed线程已启动
2026-03-03 21:44:26,084 - INFO - 平衡控制已启动
2026-03-03 21:44:26,435 - INFO - speed线程已启动
2026-03-03 21:44:26,436 - INFO - 平衡控制已启动
2026-03-03 21:44:26,542 - INFO - speed线程已启动
2026-03-03 21:44:26,543 - INFO - 平衡控制已启动
2026-03-03 21:44:38,959 - INFO - speed线程已启动
2026-03-03 21:44:38,960 - INFO - 平衡控制已启动
2026-03-03 21:44:39,108 - INFO - speed线程已启动
2026-03-03 21:44:39,109 - INFO - 平衡控制已启动
2026-03-03 21:44:39,211 - INFO - speed线程已启动
2026-03-03 21:44:39,212 - INFO - 平衡控制已启动
2026-03-03 21:44:39,312 - INFO - speed线程已启动
2026-03-03 21:44:39,312 - INFO - 平衡控制已启动
2026-03-03 21:44:39,361 - INFO - speed线程已启动
2026-03-03 21:44:39,361 - INFO - 平衡控制已启动
2026-03-03 21:44:39,416 - INFO - speed线程已启动
2026-03-03 21:44:39,417 - INFO - 平衡控制已启动
2026-03-03 21:44:39,463 - INFO - speed线程已启动
2026-03-03 21:44:39,464 - INFO - 平衡控制已启动
2026-03-03 21:44:39,567 - INFO - speed线程已启动
2026-03-03 21:44:39,568 - INFO - 平衡控制已启动
2026-03-03 21:44:39,668 - INFO - speed线程已启动
2026-03-03 21:44:39,669 - INFO - 平衡控制已启动
2026-03-03 21:44:39,821 - INFO - speed线程已启动
2026-03-03 21:44:39,822 - INFO - 平衡控制已启动
2026-03-03 21:44:40,123 - INFO - speed线程已启动
2026-03-03 21:44:40,124 - INFO - 平衡控制已启动
2026-03-03 21:44:40,327 - INFO - speed线程已启动
2026-03-03 21:44:40,327 - INFO - 平衡控制已启动
2026-03-03 21:44:40,429 - INFO - speed线程已启动
2026-03-03 21:44:40,429 - INFO - 平衡控制已启动
2026-03-03 21:44:40,480 - INFO - speed线程已启动
2026-03-03 21:44:40,483 - INFO - 平衡控制已启动
2026-03-03 21:44:40,581 - INFO - speed线程已启动
2026-03-03 21:44:40,581 - INFO - 平衡控制已启动
2026-03-03 21:44:40,685 - INFO - speed线程已启动
2026-03-03 21:44:40,685 - INFO - 平衡控制已启动
2026-03-03 21:44:40,786 - INFO - speed线程已启动
2026-03-03 21:44:40,787 - INFO - 平衡控制已启动
2026-03-03 21:44:40,887 - INFO - speed线程已启动
2026-03-03 21:44:40,887 - INFO - 平衡控制已启动
2026-03-03 21:44:40,986 - INFO - speed线程已启动
2026-03-03 21:44:40,987 - INFO - 平衡控制已启动
2026-03-03 21:44:41,142 - INFO - speed线程已启动
2026-03-03 21:44:41,142 - INFO - 平衡控制已启动
2026-03-03 21:44:42,000 - INFO - speed线程已启动
2026-03-03 21:44:42,001 - INFO - 平衡控制已启动
2026-03-03 21:44:44,437 - INFO - speed线程已启动
2026-03-03 21:44:44,438 - INFO - 平衡控制已启动
2026-03-03 21:44:44,591 - INFO - speed线程已启动
2026-03-03 21:44:44,591 - INFO - 平衡控制已启动
2026-03-03 21:44:44,745 - INFO - speed线程已启动
2026-03-03 21:44:44,745 - INFO - 平衡控制已启动
2026-03-03 21:44:45,048 - INFO - speed线程已启动
2026-03-03 21:44:45,049 - INFO - 平衡控制已启动
2026-03-03 21:44:46,313 - INFO - speed线程已启动
2026-03-03 21:44:46,313 - INFO - 平衡控制已启动
2026-03-03 21:44:48,739 - INFO - speed线程已启动
2026-03-03 21:44:48,739 - INFO - 平衡控制已启动
2026-03-03 21:44:49,701 - INFO - speed线程已启动
2026-03-03 21:44:49,702 - INFO - 平衡控制已启动
2026-03-03 21:44:49,802 - INFO - speed线程已启动
2026-03-03 21:44:49,803 - INFO - 平衡控制已启动
2026-03-03 21:44:49,904 - INFO - speed线程已启动
2026-03-03 21:44:49,905 - INFO - 平衡控制已启动
2026-03-03 21:44:50,005 - INFO - speed线程已启动
2026-03-03 21:44:50,006 - INFO - 平衡控制已启动
2026-03-03 21:44:50,057 - INFO - speed线程已启动
2026-03-03 21:44:50,058 - INFO - 平衡控制已启动
2026-03-03 21:44:50,107 - INFO - speed线程已启动
2026-03-03 21:44:50,107 - INFO - 平衡控制已启动
2026-03-03 21:44:50,209 - INFO - speed线程已启动
2026-03-03 21:44:50,209 - INFO - 平衡控制已启动
2026-03-03 21:44:50,311 - INFO - speed线程已启动
2026-03-03 21:44:50,311 - INFO - 平衡控制已启动
2026-03-03 21:44:50,362 - INFO - speed线程已启动
2026-03-03 21:44:50,362 - INFO - 平衡控制已启动
2026-03-03 21:44:50,463 - INFO - speed线程已启动
2026-03-03 21:44:50,463 - INFO - 平衡控制已启动
2026-03-03 21:44:50,566 - INFO - speed线程已启动
2026-03-03 21:44:50,566 - INFO - 平衡控制已启动
2026-03-03 21:44:51,624 - INFO - speed线程已启动
2026-03-03 21:44:51,625 - INFO - 平衡控制已启动
2026-03-03 21:44:52,032 - INFO - speed线程已启动
2026-03-03 21:44:52,033 - INFO - 平衡控制已启动
2026-03-03 21:44:52,131 - INFO - speed线程已启动
2026-03-03 21:44:52,132 - INFO - 平衡控制已启动
2026-03-03 21:44:52,182 - INFO - speed线程已启动
2026-03-03 21:44:52,182 - INFO - 平衡控制已启动
2026-03-03 21:44:52,284 - INFO - speed线程已启动
2026-03-03 21:44:52,285 - INFO - 平衡控制已启动
2026-03-03 21:44:52,439 - INFO - speed线程已启动
2026-03-03 21:44:52,439 - INFO - 平衡控制已启动
2026-03-03 21:44:52,541 - INFO - speed线程已启动
2026-03-03 21:44:52,541 - INFO - 平衡控制已启动
2026-03-03 21:44:52,589 - INFO - speed线程已启动
2026-03-03 21:44:52,590 - INFO - 平衡控制已启动
2026-03-03 21:44:53,046 - INFO - speed线程已启动
2026-03-03 21:44:53,047 - INFO - 平衡控制已启动
2026-03-03 21:44:53,199 - INFO - speed线程已启动
2026-03-03 21:44:53,200 - INFO - 平衡控制已启动
2026-03-03 21:44:53,352 - INFO - speed线程已启动
2026-03-03 21:44:53,352 - INFO - 平衡控制已启动
2026-03-03 21:44:55,422 - INFO - speed线程已启动
2026-03-03 21:44:55,423 - INFO - 平衡控制已启动
2026-03-03 21:44:56,734 - INFO - speed线程已启动
2026-03-03 21:44:56,734 - INFO - 平衡控制已启动
2026-03-03 21:44:57,946 - INFO - speed线程已启动
2026-03-03 21:44:57,947 - INFO - 平衡控制已启动
2026-03-03 21:44:58,098 - INFO - speed线程已启动
2026-03-03 21:44:58,099 - INFO - 平衡控制已启动
2026-03-03 21:45:03,249 - INFO - speed线程已启动
2026-03-03 21:45:03,250 - INFO - 平衡控制已启动
2026-03-03 21:45:03,707 - INFO - speed线程已启动
2026-03-03 21:45:03,707 - INFO - 平衡控制已启动
2026-03-03 21:45:03,756 - INFO - speed线程已启动
2026-03-03 21:45:03,756 - INFO - 平衡控制已启动
2026-03-03 21:45:03,859 - INFO - speed线程已启动
2026-03-03 21:45:03,859 - INFO - 平衡控制已启动
2026-03-03 21:45:03,909 - INFO - speed线程已启动
2026-03-03 21:45:03,910 - INFO - 平衡控制已启动
2026-03-03 21:45:03,960 - INFO - speed线程已启动
2026-03-03 21:45:03,961 - INFO - 平衡控制已启动
2026-03-03 21:45:04,011 - INFO - speed线程已启动
2026-03-03 21:45:04,011 - INFO - 平衡控制已启动
2026-03-03 21:45:04,064 - INFO - speed线程已启动
2026-03-03 21:45:04,066 - INFO - 平衡控制已启动
2026-03-03 21:45:04,163 - INFO - speed线程已启动
2026-03-03 21:45:04,164 - INFO - 平衡控制已启动
2026-03-03 21:45:04,266 - INFO - speed线程已启动
2026-03-03 21:45:04,266 - INFO - 平衡控制已启动
2026-03-03 21:45:04,370 - INFO - speed线程已启动
2026-03-03 21:45:04,370 - INFO - 平衡控制已启动
2026-03-03 21:45:04,472 - INFO - speed线程已启动
2026-03-03 21:45:04,472 - INFO - 平衡控制已启动
2026-03-03 21:45:04,522 - INFO - speed线程已启动
2026-03-03 21:45:04,522 - INFO - 平衡控制已启动
2026-03-03 21:45:04,624 - INFO - speed线程已启动
2026-03-03 21:45:04,625 - INFO - 平衡控制已启动
2026-03-03 21:45:04,724 - INFO - speed线程已启动
2026-03-03 21:45:04,724 - INFO - 平衡控制已启动
2026-03-03 21:45:04,878 - INFO - speed线程已启动
2026-03-03 21:45:04,879 - INFO - 平衡控制已启动
2026-03-03 21:45:05,085 - INFO - speed线程已启动
2026-03-03 21:45:05,087 - INFO - 平衡控制已启动
2026-03-03 21:45:05,235 - INFO - speed线程已启动
2026-03-03 21:45:05,235 - INFO - 平衡控制已启动
2026-03-03 21:45:05,640 - INFO - speed线程已启动
2026-03-03 21:45:05,640 - INFO - 平衡控制已启动
2026-03-03 21:45:07,307 - INFO - speed线程已启动
2026-03-03 21:45:07,308 - INFO - 平衡控制已启动
2026-03-03 21:45:07,408 - INFO - speed线程已启动
2026-03-03 21:45:07,409 - INFO - 平衡控制已启动
2026-03-03 21:45:09,633 - INFO - speed线程已启动
2026-03-03 21:45:09,633 - INFO - 平衡控制已启动
2026-03-03 21:45:09,783 - INFO - speed线程已启动
2026-03-03 21:45:09,784 - INFO - 平衡控制已启动
2026-03-03 21:45:15,595 - INFO - speed线程已启动
2026-03-03 21:45:15,596 - INFO - 平衡控制已启动
2026-03-03 21:45:15,697 - INFO - speed线程已启动
2026-03-03 21:45:15,698 - INFO - 平衡控制已启动
2026-03-03 21:45:15,798 - INFO - speed线程已启动
2026-03-03 21:45:15,798 - INFO - 平衡控制已启动
2026-03-03 21:45:15,851 - INFO - speed线程已启动
2026-03-03 21:45:15,852 - INFO - 平衡控制已启动
2026-03-03 21:45:15,951 - INFO - speed线程已启动
2026-03-03 21:45:15,952 - INFO - 平衡控制已启动
2026-03-03 21:45:16,306 - INFO - speed线程已启动
2026-03-03 21:45:16,306 - INFO - 平衡控制已启动
2026-03-03 21:45:16,459 - INFO - speed线程已启动
2026-03-03 21:45:16,460 - INFO - 平衡控制已启动
2026-03-03 21:45:17,216 - INFO - speed线程已启动
2026-03-03 21:45:17,216 - INFO - 平衡控制已启动
2026-03-03 21:45:17,318 - INFO - speed线程已启动
2026-03-03 21:45:17,319 - INFO - 平衡控制已启动
2026-03-03 21:45:17,419 - INFO - speed线程已启动
2026-03-03 21:45:17,419 - INFO - 平衡控制已启动
2026-03-03 21:45:17,524 - INFO - speed线程已启动
2026-03-03 21:45:17,525 - INFO - 平衡控制已启动
2026-03-03 21:45:17,574 - INFO - speed线程已启动
2026-03-03 21:45:17,574 - INFO - 平衡控制已启动
2026-03-03 21:45:17,624 - INFO - speed线程已启动
2026-03-03 21:45:17,626 - INFO - 平衡控制已启动
2026-03-03 21:45:17,726 - INFO - speed线程已启动
2026-03-03 21:45:17,727 - INFO - 平衡控制已启动
2026-03-03 21:45:17,779 - INFO - speed线程已启动
2026-03-03 21:45:17,780 - INFO - 平衡控制已启动
2026-03-03 21:45:17,831 - INFO - speed线程已启动
2026-03-03 21:45:17,833 - INFO - 平衡控制已启动
2026-03-03 21:45:17,879 - INFO - speed线程已启动
2026-03-03 21:45:17,880 - INFO - 平衡控制已启动
2026-03-03 21:45:17,980 - INFO - speed线程已启动
2026-03-03 21:45:17,981 - INFO - 平衡控制已启动
2026-03-03 21:45:18,082 - INFO - speed线程已启动
2026-03-03 21:45:18,083 - INFO - 平衡控制已启动
2026-03-03 21:45:18,133 - INFO - speed线程已启动
2026-03-03 21:45:18,134 - INFO - 平衡控制已启动
2026-03-03 21:45:18,235 - INFO - speed线程已启动
2026-03-03 21:45:18,235 - INFO - 平衡控制已启动
2026-03-03 21:45:18,438 - INFO - speed线程已启动
2026-03-03 21:45:18,440 - INFO - 平衡控制已启动
2026-03-03 21:45:18,488 - INFO - speed线程已启动
2026-03-03 21:45:18,489 - INFO - 平衡控制已启动
2026-03-03 21:45:18,590 - INFO - speed线程已启动
2026-03-03 21:45:18,591 - INFO - 平衡控制已启动
2026-03-03 21:45:18,641 - INFO - speed线程已启动
2026-03-03 21:45:18,641 - INFO - 平衡控制已启动
2026-03-03 21:45:18,692 - INFO - speed线程已启动
2026-03-03 21:45:18,692 - INFO - 平衡控制已启动
2026-03-03 21:45:18,794 - INFO - speed线程已启动
2026-03-03 21:45:18,795 - INFO - 平衡控制已启动
2026-03-03 21:45:18,897 - INFO - speed线程已启动
2026-03-03 21:45:18,898 - INFO - 平衡控制已启动
2026-03-03 21:45:18,948 - INFO - speed线程已启动
2026-03-03 21:45:18,949 - INFO - 平衡控制已启动
2026-03-03 21:45:18,998 - INFO - speed线程已启动
2026-03-03 21:45:18,999 - INFO - 平衡控制已启动
2026-03-03 21:45:19,100 - INFO - speed线程已启动
2026-03-03 21:45:19,101 - INFO - 平衡控制已启动
2026-03-03 21:45:19,202 - INFO - speed线程已启动
2026-03-03 21:45:19,203 - INFO - 平衡控制已启动
2026-03-03 21:45:19,304 - INFO - speed线程已启动
2026-03-03 21:45:19,305 - INFO - 平衡控制已启动
2026-03-03 21:45:19,406 - INFO - speed线程已启动
2026-03-03 21:45:19,407 - INFO - 平衡控制已启动
2026-03-03 21:45:19,507 - INFO - speed线程已启动
2026-03-03 21:45:19,508 - INFO - 平衡控制已启动
2026-03-03 21:45:19,610 - INFO - speed线程已启动
2026-03-03 21:45:19,611 - INFO - 平衡控制已启动
2026-03-03 21:45:19,712 - INFO - speed线程已启动
2026-03-03 21:45:19,712 - INFO - 平衡控制已启动
2026-03-03 21:45:19,763 - INFO - speed线程已启动
2026-03-03 21:45:19,763 - INFO - 平衡控制已启动
2026-03-03 21:45:19,814 - INFO - speed线程已启动
2026-03-03 21:45:19,814 - INFO - 平衡控制已启动
2026-03-03 21:45:19,915 - INFO - speed线程已启动
2026-03-03 21:45:19,916 - INFO - 平衡控制已启动
2026-03-03 21:45:19,965 - INFO - speed线程已启动
2026-03-03 21:45:19,966 - INFO - 平衡控制已启动
2026-03-03 21:45:20,018 - INFO - speed线程已启动
2026-03-03 21:45:20,018 - INFO - 平衡控制已启动
2026-03-03 21:45:20,119 - INFO - speed线程已启动
2026-03-03 21:45:20,119 - INFO - 平衡控制已启动
2026-03-03 21:45:20,221 - INFO - speed线程已启动
2026-03-03 21:45:20,222 - INFO - 平衡控制已启动
2026-03-03 21:45:20,322 - INFO - speed线程已启动
2026-03-03 21:45:20,323 - INFO - 平衡控制已启动
2026-03-03 21:45:20,373 - INFO - speed线程已启动
2026-03-03 21:45:20,373 - INFO - 平衡控制已启动
2026-03-03 21:45:20,474 - INFO - speed线程已启动
2026-03-03 21:45:20,475 - INFO - 平衡控制已启动
2026-03-03 21:45:20,576 - INFO - speed线程已启动
2026-03-03 21:45:20,577 - INFO - 平衡控制已启动
2026-03-03 21:45:20,679 - INFO - speed线程已启动
2026-03-03 21:45:20,679 - INFO - 平衡控制已启动
2026-03-03 21:45:20,780 - INFO - speed线程已启动
2026-03-03 21:45:20,780 - INFO - 平衡控制已启动
2026-03-03 21:45:20,830 - INFO - speed线程已启动
2026-03-03 21:45:20,831 - INFO - 平衡控制已启动
2026-03-03 21:45:20,933 - INFO - speed线程已启动
2026-03-03 21:45:20,933 - INFO - 平衡控制已启动
2026-03-03 21:45:21,035 - INFO - speed线程已启动
2026-03-03 21:45:21,035 - INFO - 平衡控制已启动
2026-03-03 21:45:21,340 - INFO - speed线程已启动
2026-03-03 21:45:21,340 - INFO - 平衡控制已启动
2026-03-03 21:45:21,391 - INFO - speed线程已启动
2026-03-03 21:45:21,392 - INFO - 平衡控制已启动
2026-03-03 21:45:21,493 - INFO - speed线程已启动
2026-03-03 21:45:21,493 - INFO - 平衡控制已启动
2026-03-03 21:45:21,645 - INFO - speed线程已启动
2026-03-03 21:45:21,645 - INFO - 平衡控制已启动
2026-03-03 21:45:21,798 - INFO - speed线程已启动
2026-03-03 21:45:21,799 - INFO - 平衡控制已启动
2026-03-03 21:45:21,950 - INFO - speed线程已启动
2026-03-03 21:45:21,951 - INFO - 平衡控制已启动
2026-03-03 21:45:22,052 - INFO - speed线程已启动
2026-03-03 21:45:22,052 - INFO - 平衡控制已启动
2026-03-03 21:45:23,469 - INFO - speed线程已启动
2026-03-03 21:45:23,469 - INFO - 平衡控制已启动
2026-03-03 21:45:23,570 - INFO - speed线程已启动
2026-03-03 21:45:23,571 - INFO - 平衡控制已启动
2026-03-03 21:45:23,622 - INFO - speed线程已启动
2026-03-03 21:45:23,622 - INFO - 平衡控制已启动
2026-03-03 21:45:23,674 - INFO - speed线程已启动
2026-03-03 21:45:23,675 - INFO - 平衡控制已启动
2026-03-03 21:45:23,774 - INFO - speed线程已启动
2026-03-03 21:45:23,775 - INFO - 平衡控制已启动
2026-03-03 21:45:24,180 - INFO - speed线程已启动
2026-03-03 21:45:24,181 - INFO - 平衡控制已启动
2026-03-03 21:45:24,789 - INFO - speed线程已启动
2026-03-03 21:45:24,791 - INFO - 平衡控制已启动
2026-03-03 21:45:24,888 - INFO - speed线程已启动
2026-03-03 21:45:24,889 - INFO - 平衡控制已启动
2026-03-03 21:45:24,990 - INFO - speed线程已启动
2026-03-03 21:45:24,990 - INFO - 平衡控制已启动
2026-03-03 21:45:25,090 - INFO - speed线程已启动
2026-03-03 21:45:25,091 - INFO - 平衡控制已启动
2026-03-03 21:45:25,192 - INFO - speed线程已启动
2026-03-03 21:45:25,193 - INFO - 平衡控制已启动
2026-03-03 21:45:25,243 - INFO - speed线程已启动
2026-03-03 21:45:25,244 - INFO - 平衡控制已启动
2026-03-03 21:45:25,345 - INFO - speed线程已启动
2026-03-03 21:45:25,346 - INFO - 平衡控制已启动
2026-03-03 21:45:25,448 - INFO - speed线程已启动
2026-03-03 21:45:25,448 - INFO - 平衡控制已启动
2026-03-03 21:45:25,549 - INFO - speed线程已启动
2026-03-03 21:45:25,550 - INFO - 平衡控制已启动
2026-03-03 21:45:25,651 - INFO - speed线程已启动
2026-03-03 21:45:25,651 - INFO - 平衡控制已启动
2026-03-03 21:45:25,753 - INFO - speed线程已启动
2026-03-03 21:45:25,754 - INFO - 平衡控制已启动
2026-03-03 21:45:26,211 - INFO - speed线程已启动
2026-03-03 21:45:26,212 - INFO - 平衡控制已启动
2026-03-03 21:45:26,314 - INFO - speed线程已启动
2026-03-03 21:45:26,315 - INFO - 平衡控制已启动
2026-03-03 21:45:26,416 - INFO - speed线程已启动
2026-03-03 21:45:26,417 - INFO - 平衡控制已启动
2026-03-03 21:45:26,466 - INFO - speed线程已启动
2026-03-03 21:45:26,466 - INFO - 平衡控制已启动
2026-03-03 21:45:26,570 - INFO - speed线程已启动
2026-03-03 21:45:26,571 - INFO - 平衡控制已启动
2026-03-03 21:45:26,622 - INFO - speed线程已启动
2026-03-03 21:45:26,623 - INFO - 平衡控制已启动
2026-03-03 21:45:26,722 - INFO - speed线程已启动
2026-03-03 21:45:26,722 - INFO - 平衡控制已启动
2026-03-03 21:45:26,824 - INFO - speed线程已启动
2026-03-03 21:45:26,825 - INFO - 平衡控制已启动
2026-03-03 21:45:26,978 - INFO - speed线程已启动
2026-03-03 21:45:26,979 - INFO - 平衡控制已启动
2026-03-03 21:45:27,080 - INFO - speed线程已启动
2026-03-03 21:45:27,080 - INFO - 平衡控制已启动
2026-03-03 21:45:27,235 - INFO - speed线程已启动
2026-03-03 21:45:27,236 - INFO - 平衡控制已启动
2026-03-03 21:45:27,385 - INFO - speed线程已启动
2026-03-03 21:45:27,386 - INFO - 平衡控制已启动
2026-03-03 21:45:30,221 - INFO - speed线程已启动
2026-03-03 21:45:30,222 - INFO - 平衡控制已启动
2026-03-03 21:45:32,389 - INFO - speed线程已启动
2026-03-03 21:45:32,390 - INFO - 平衡控制已启动
2026-03-03 21:45:32,491 - INFO - speed线程已启动
2026-03-03 21:45:32,492 - INFO - 平衡控制已启动
2026-03-03 21:45:32,542 - INFO - speed线程已启动
2026-03-03 21:45:32,543 - INFO - 平衡控制已启动
2026-03-03 21:45:32,593 - INFO - speed线程已启动
2026-03-03 21:45:32,593 - INFO - 平衡控制已启动
2026-03-03 21:45:32,643 - INFO - speed线程已启动
2026-03-03 21:45:32,644 - INFO - 平衡控制已启动
2026-03-03 21:45:32,693 - INFO - speed线程已启动
2026-03-03 21:45:32,694 - INFO - 平衡控制已启动
2026-03-03 21:45:32,798 - INFO - speed线程已启动
2026-03-03 21:45:32,799 - INFO - 平衡控制已启动
2026-03-03 21:45:32,851 - INFO - speed线程已启动
2026-03-03 21:45:32,851 - INFO - 平衡控制已启动
2026-03-03 21:45:32,901 - INFO - speed线程已启动
2026-03-03 21:45:32,902 - INFO - 平衡控制已启动
2026-03-03 21:45:33,002 - INFO - speed线程已启动
2026-03-03 21:45:33,003 - INFO - 平衡控制已启动
2026-03-03 21:45:33,055 - INFO - speed线程已启动
2026-03-03 21:45:33,056 - INFO - 平衡控制已启动
2026-03-03 21:45:33,156 - INFO - speed线程已启动
2026-03-03 21:45:33,157 - INFO - 平衡控制已启动
2026-03-03 21:45:33,206 - INFO - speed线程已启动
2026-03-03 21:45:33,207 - INFO - 平衡控制已启动
2026-03-03 21:45:33,308 - INFO - speed线程已启动
2026-03-03 21:45:33,308 - INFO - 平衡控制已启动
2026-03-03 21:45:33,409 - INFO - speed线程已启动
2026-03-03 21:45:33,409 - INFO - 平衡控制已启动
2026-03-03 21:45:33,511 - INFO - speed线程已启动
2026-03-03 21:45:33,512 - INFO - 平衡控制已启动
2026-03-03 21:45:33,667 - INFO - speed线程已启动
2026-03-03 21:45:33,668 - INFO - 平衡控制已启动
2026-03-03 21:45:33,768 - INFO - speed线程已启动
2026-03-03 21:45:33,769 - INFO - 平衡控制已启动
2026-03-03 21:45:33,819 - INFO - speed线程已启动
2026-03-03 21:45:33,820 - INFO - 平衡控制已启动
2026-03-03 21:45:33,871 - INFO - speed线程已启动
2026-03-03 21:45:33,871 - INFO - 平衡控制已启动
2026-03-03 21:45:33,922 - INFO - speed线程已启动
2026-03-03 21:45:33,923 - INFO - 平衡控制已启动
2026-03-03 21:45:34,023 - INFO - speed线程已启动
2026-03-03 21:45:34,024 - INFO - 平衡控制已启动
2026-03-03 21:45:34,075 - INFO - speed线程已启动
2026-03-03 21:45:34,077 - INFO - 平衡控制已启动
2026-03-03 21:45:34,177 - INFO - speed线程已启动
2026-03-03 21:45:34,177 - INFO - 平衡控制已启动
2026-03-03 21:45:34,279 - INFO - speed线程已启动
2026-03-03 21:45:34,279 - INFO - 平衡控制已启动
2026-03-03 21:45:34,383 - INFO - speed线程已启动
2026-03-03 21:45:34,384 - INFO - 平衡控制已启动
2026-03-03 21:45:34,486 - INFO - speed线程已启动
2026-03-03 21:45:34,486 - INFO - 平衡控制已启动
2026-03-03 21:45:34,637 - INFO - speed线程已启动
2026-03-03 21:45:34,638 - INFO - 平衡控制已启动
2026-03-03 21:45:35,446 - INFO - speed线程已启动
2026-03-03 21:45:35,447 - INFO - 平衡控制已启动
2026-03-03 21:45:35,547 - INFO - speed线程已启动
2026-03-03 21:45:35,548 - INFO - 平衡控制已启动
2026-03-03 21:45:35,650 - INFO - speed线程已启动
2026-03-03 21:45:35,650 - INFO - 平衡控制已启动
2026-03-03 21:45:35,702 - INFO - speed线程已启动
2026-03-03 21:45:35,703 - INFO - 平衡控制已启动
2026-03-03 21:45:35,755 - INFO - speed线程已启动
2026-03-03 21:45:35,756 - INFO - 平衡控制已启动
2026-03-03 21:45:35,804 - INFO - speed线程已启动
2026-03-03 21:45:35,804 - INFO - 平衡控制已启动
2026-03-03 21:45:35,906 - INFO - speed线程已启动
2026-03-03 21:45:35,908 - INFO - 平衡控制已启动
2026-03-03 21:45:36,008 - INFO - speed线程已启动
2026-03-03 21:45:36,008 - INFO - 平衡控制已启动
2026-03-03 21:45:36,110 - INFO - speed线程已启动
2026-03-03 21:45:36,111 - INFO - 平衡控制已启动
2026-03-03 21:45:36,363 - INFO - speed线程已启动
2026-03-03 21:45:36,363 - INFO - 平衡控制已启动
2026-03-03 21:45:36,970 - INFO - speed线程已启动
2026-03-03 21:45:36,971 - INFO - 平衡控制已启动
2026-03-03 21:45:37,123 - INFO - speed线程已启动
2026-03-03 21:45:37,123 - INFO - 平衡控制已启动
2026-03-03 21:45:37,630 - INFO - speed线程已启动
2026-03-03 21:45:37,631 - INFO - 平衡控制已启动
2026-03-03 21:45:38,746 - INFO - speed线程已启动
2026-03-03 21:45:38,746 - INFO - 平衡控制已启动
2026-03-03 21:45:38,797 - INFO - speed线程已启动
2026-03-03 21:45:38,797 - INFO - 平衡控制已启动
2026-03-03 21:45:38,848 - INFO - speed线程已启动
2026-03-03 21:45:38,848 - INFO - 平衡控制已启动
2026-03-03 21:45:38,898 - INFO - speed线程已启动
2026-03-03 21:45:38,898 - INFO - 平衡控制已启动
2026-03-03 21:45:38,949 - INFO - speed线程已启动
2026-03-03 21:45:38,950 - INFO - 平衡控制已启动
2026-03-03 21:45:39,000 - INFO - speed线程已启动
2026-03-03 21:45:39,001 - INFO - 平衡控制已启动
2026-03-03 21:45:39,052 - INFO - speed线程已启动
2026-03-03 21:45:39,052 - INFO - 平衡控制已启动
2026-03-03 21:45:39,103 - INFO - speed线程已启动
2026-03-03 21:45:39,104 - INFO - 平衡控制已启动
2026-03-03 21:45:39,153 - INFO - speed线程已启动
2026-03-03 21:45:39,154 - INFO - 平衡控制已启动
2026-03-03 21:45:39,204 - INFO - speed线程已启动
2026-03-03 21:45:39,204 - INFO - 平衡控制已启动
2026-03-03 21:45:39,255 - INFO - speed线程已启动
2026-03-03 21:45:39,255 - INFO - 平衡控制已启动
2026-03-03 21:45:39,358 - INFO - speed线程已启动
2026-03-03 21:45:39,358 - INFO - 平衡控制已启动
2026-03-03 21:45:39,408 - INFO - speed线程已启动
2026-03-03 21:45:39,409 - INFO - 平衡控制已启动
2026-03-03 21:45:39,461 - INFO - speed线程已启动
2026-03-03 21:45:39,462 - INFO - 平衡控制已启动
2026-03-03 21:45:39,662 - INFO - speed线程已启动
2026-03-03 21:45:39,662 - INFO - 平衡控制已启动
2026-03-03 21:45:40,477 - INFO - speed线程已启动
2026-03-03 21:45:40,478 - INFO - 平衡控制已启动
2026-03-03 21:45:40,882 - INFO - speed线程已启动
2026-03-03 21:45:40,883 - INFO - 平衡控制已启动
2026-03-03 21:45:40,986 - INFO - speed线程已启动
2026-03-03 21:45:40,986 - INFO - 平衡控制已启动
2026-03-03 21:45:41,087 - INFO - speed线程已启动
2026-03-03 21:45:41,088 - INFO - 平衡控制已启动
2026-03-03 21:45:41,138 - INFO - speed线程已启动
2026-03-03 21:45:41,139 - INFO - 平衡控制已启动
2026-03-03 21:45:41,240 - INFO - speed线程已启动
2026-03-03 21:45:41,241 - INFO - 平衡控制已启动
2026-03-03 21:45:41,342 - INFO - speed线程已启动
2026-03-03 21:45:41,345 - INFO - 平衡控制已启动
2026-03-03 21:45:41,394 - INFO - speed线程已启动
2026-03-03 21:45:41,395 - INFO - 平衡控制已启动
2026-03-03 21:45:41,444 - INFO - speed线程已启动
2026-03-03 21:45:41,445 - INFO - 平衡控制已启动
2026-03-03 21:45:41,495 - INFO - speed线程已启动
2026-03-03 21:45:41,495 - INFO - 平衡控制已启动
2026-03-03 21:45:41,546 - INFO - speed线程已启动
2026-03-03 21:45:41,547 - INFO - 平衡控制已启动
2026-03-03 21:45:41,598 - INFO - speed线程已启动
2026-03-03 21:45:41,600 - INFO - 平衡控制已启动
2026-03-03 21:45:41,650 - INFO - speed线程已启动
2026-03-03 21:45:41,651 - INFO - 平衡控制已启动
2026-03-03 21:45:41,699 - INFO - speed线程已启动
2026-03-03 21:45:41,699 - INFO - 平衡控制已启动
2026-03-03 21:45:41,802 - INFO - speed线程已启动
2026-03-03 21:45:41,803 - INFO - 平衡控制已启动
2026-03-03 21:45:41,903 - INFO - speed线程已启动
2026-03-03 21:45:41,904 - INFO - 平衡控制已启动
2026-03-03 21:45:41,954 - INFO - speed线程已启动
2026-03-03 21:45:41,955 - INFO - 平衡控制已启动
2026-03-03 21:45:42,008 - INFO - speed线程已启动
2026-03-03 21:45:42,009 - INFO - 平衡控制已启动
2026-03-03 21:45:42,057 - INFO - speed线程已启动
2026-03-03 21:45:42,057 - INFO - 平衡控制已启动
2026-03-03 21:45:42,109 - INFO - speed线程已启动
2026-03-03 21:45:42,111 - INFO - 平衡控制已启动
2026-03-03 21:45:42,210 - INFO - speed线程已启动
2026-03-03 21:45:42,210 - INFO - 平衡控制已启动
2026-03-03 21:45:42,312 - INFO - speed线程已启动
2026-03-03 21:45:42,312 - INFO - 平衡控制已启动
2026-03-03 21:45:42,415 - INFO - speed线程已启动
2026-03-03 21:45:42,415 - INFO - 平衡控制已启动
2026-03-03 21:45:42,464 - INFO - speed线程已启动
2026-03-03 21:45:42,464 - INFO - 平衡控制已启动
2026-03-03 21:45:42,515 - INFO - speed线程已启动
2026-03-03 21:45:42,515 - INFO - 平衡控制已启动
2026-03-03 21:45:42,618 - INFO - speed线程已启动
2026-03-03 21:45:42,619 - INFO - 平衡控制已启动
2026-03-03 21:45:42,719 - INFO - speed线程已启动
2026-03-03 21:45:42,719 - INFO - 平衡控制已启动
2026-03-03 21:45:42,822 - INFO - speed线程已启动
2026-03-03 21:45:42,822 - INFO - 平衡控制已启动
2026-03-03 21:45:42,873 - INFO - speed线程已启动
2026-03-03 21:45:42,874 - INFO - 平衡控制已启动
2026-03-03 21:45:42,924 - INFO - speed线程已启动
2026-03-03 21:45:42,926 - INFO - 平衡控制已启动
2026-03-03 21:45:42,975 - INFO - speed线程已启动
2026-03-03 21:45:42,977 - INFO - 平衡控制已启动
2026-03-03 21:45:43,026 - INFO - speed线程已启动
2026-03-03 21:45:43,026 - INFO - 平衡控制已启动
2026-03-03 21:45:43,076 - INFO - speed线程已启动
2026-03-03 21:45:43,077 - INFO - 平衡控制已启动
2026-03-03 21:45:43,127 - INFO - speed线程已启动
2026-03-03 21:45:43,128 - INFO - 平衡控制已启动
2026-03-03 21:45:43,179 - INFO - speed线程已启动
2026-03-03 21:45:43,180 - INFO - 平衡控制已启动
2026-03-03 21:45:43,232 - INFO - speed线程已启动
2026-03-03 21:45:43,233 - INFO - 平衡控制已启动
2026-03-03 21:45:43,281 - INFO - speed线程已启动
2026-03-03 21:45:43,281 - INFO - 平衡控制已启动
2026-03-03 21:45:43,331 - INFO - speed线程已启动
2026-03-03 21:45:43,332 - INFO - 平衡控制已启动
2026-03-03 21:45:43,384 - INFO - speed线程已启动
2026-03-03 21:45:43,385 - INFO - 平衡控制已启动
2026-03-03 21:45:43,484 - INFO - speed线程已启动
2026-03-03 21:45:43,485 - INFO - 平衡控制已启动
2026-03-03 21:45:43,586 - INFO - speed线程已启动
2026-03-03 21:45:43,586 - INFO - 平衡控制已启动
2026-03-03 21:45:43,638 - INFO - speed线程已启动
2026-03-03 21:45:43,638 - INFO - 平衡控制已启动
2026-03-03 21:45:43,739 - INFO - speed线程已启动
2026-03-03 21:45:43,740 - INFO - 平衡控制已启动
2026-03-03 21:45:45,251 - INFO - speed线程已启动
2026-03-03 21:45:45,252 - INFO - 平衡控制已启动
2026-03-03 21:45:45,405 - INFO - speed线程已启动
2026-03-03 21:45:45,405 - INFO - 平衡控制已启动
2026-03-03 21:46:01,512 - INFO - 所有电机已失能
2026-03-03 21:46:08,501 - INFO - HTTP Request: GET http://localhost:7860/gradio_api/startup-events "HTTP/1.1 200 OK"
2026-03-03 21:46:08,535 - INFO - HTTP Request: HEAD http://localhost:7860/ "HTTP/1.1 200 OK"
2026-03-04 22:02:08,014 - INFO - 尝试创建 BalanceController（第 1 次）
2026-03-04 22:02:08,601 - INFO - 串口已打开
2026-03-04 22:02:12,362 - INFO - 电机已全部使能
2026-03-04 22:02:13,644 - INFO - 平衡控制线程已启动
2026-03-04 22:02:13,644 - INFO - 平衡控制已启动
2026-03-04 22:02:16,072 - INFO - 平衡循环启动
2026-03-04 22:02:19,398 - INFO - speed线程已启动
2026-03-04 22:02:19,399 - INFO - 平衡控制已启动
2026-03-04 22:02:19,653 - INFO - speed线程已启动
2026-03-04 22:02:19,653 - INFO - 平衡控制已启动
2026-03-04 22:02:19,755 - INFO - speed线程已启动
2026-03-04 22:02:19,755 - INFO - 平衡控制已启动
2026-03-04 22:02:19,856 - INFO - speed线程已启动
2026-03-04 22:02:19,857 - INFO - 平衡控制已启动
2026-03-04 22:02:19,959 - INFO - speed线程已启动
2026-03-04 22:02:19,960 - INFO - 平衡控制已启动
2026-03-04 22:02:20,061 - INFO - speed线程已启动
2026-03-04 22:02:20,062 - INFO - 平衡控制已启动
2026-03-04 22:02:20,163 - INFO - speed线程已启动
2026-03-04 22:02:20,163 - INFO - 平衡控制已启动
2026-03-04 22:02:20,213 - INFO - speed线程已启动
2026-03-04 22:02:20,214 - INFO - 平衡控制已启动
2026-03-04 22:02:20,315 - INFO - speed线程已启动
2026-03-04 22:02:20,315 - INFO - 平衡控制已启动
2026-03-04 22:02:20,417 - INFO - speed线程已启动
2026-03-04 22:02:20,418 - INFO - 平衡控制已启动
2026-03-04 22:02:20,520 - INFO - speed线程已启动
2026-03-04 22:02:20,520 - INFO - 平衡控制已启动
2026-03-04 22:02:20,572 - INFO - speed线程已启动
2026-03-04 22:02:20,573 - INFO - 平衡控制已启动
2026-03-04 22:02:20,622 - INFO - speed线程已启动
2026-03-04 22:02:20,623 - INFO - 平衡控制已启动
2026-03-04 22:02:20,723 - INFO - speed线程已启动
2026-03-04 22:02:20,723 - INFO - 平衡控制已启动
2026-03-04 22:02:21,029 - INFO - speed线程已启动
2026-03-04 22:02:21,030 - INFO - 平衡控制已启动
2026-03-04 22:02:21,131 - INFO - speed线程已启动
2026-03-04 22:02:21,132 - INFO - 平衡控制已启动
2026-03-04 22:02:21,437 - INFO - speed线程已启动
2026-03-04 22:02:21,438 - INFO - 平衡控制已启动
2026-03-04 22:02:21,539 - INFO - speed线程已启动
2026-03-04 22:02:21,539 - INFO - 平衡控制已启动
2026-03-04 22:02:21,590 - INFO - speed线程已启动
2026-03-04 22:02:21,591 - INFO - 平衡控制已启动
2026-03-04 22:02:21,641 - INFO - speed线程已启动
2026-03-04 22:02:21,642 - INFO - 平衡控制已启动
2026-03-04 22:02:21,692 - INFO - speed线程已启动
2026-03-04 22:02:21,692 - INFO - 平衡控制已启动
2026-03-04 22:02:21,744 - INFO - speed线程已启动
2026-03-04 22:02:21,744 - INFO - 平衡控制已启动
2026-03-04 22:02:21,795 - INFO - speed线程已启动
2026-03-04 22:02:21,796 - INFO - 平衡控制已启动
2026-03-04 22:02:21,845 - INFO - speed线程已启动
2026-03-04 22:02:21,845 - INFO - 平衡控制已启动
2026-03-04 22:02:21,895 - INFO - speed线程已启动
2026-03-04 22:02:21,896 - INFO - 平衡控制已启动
2026-03-04 22:02:21,946 - INFO - speed线程已启动
2026-03-04 22:02:21,946 - INFO - 平衡控制已启动
2026-03-04 22:02:21,996 - INFO - speed线程已启动
2026-03-04 22:02:21,997 - INFO - 平衡控制已启动
2026-03-04 22:02:22,047 - INFO - speed线程已启动
2026-03-04 22:02:22,048 - INFO - 平衡控制已启动
2026-03-04 22:02:22,098 - INFO - speed线程已启动
2026-03-04 22:02:22,099 - INFO - 平衡控制已启动
2026-03-04 22:02:22,149 - INFO - speed线程已启动
2026-03-04 22:02:22,150 - INFO - 平衡控制已启动
2026-03-04 22:02:22,251 - INFO - speed线程已启动
2026-03-04 22:02:22,252 - INFO - 平衡控制已启动
2026-03-04 22:02:22,302 - INFO - speed线程已启动
2026-03-04 22:02:22,303 - INFO - 平衡控制已启动
2026-03-04 22:02:22,355 - INFO - speed线程已启动
2026-03-04 22:02:22,358 - INFO - 平衡控制已启动
2026-03-04 22:02:22,404 - INFO - speed线程已启动
2026-03-04 22:02:22,405 - INFO - 平衡控制已启动
2026-03-04 22:02:22,506 - INFO - speed线程已启动
2026-03-04 22:02:22,506 - INFO - 平衡控制已启动
2026-03-04 22:02:22,606 - INFO - speed线程已启动
2026-03-04 22:02:22,606 - INFO - 平衡控制已启动
2026-03-04 22:02:22,709 - INFO - speed线程已启动
2026-03-04 22:02:22,709 - INFO - 平衡控制已启动
2026-03-04 22:02:22,811 - INFO - speed线程已启动
2026-03-04 22:02:22,812 - INFO - 平衡控制已启动
2026-03-04 22:02:22,913 - INFO - speed线程已启动
2026-03-04 22:02:22,914 - INFO - 平衡控制已启动
2026-03-04 22:02:22,964 - INFO - speed线程已启动
2026-03-04 22:02:22,965 - INFO - 平衡控制已启动
2026-03-04 22:02:23,067 - INFO - speed线程已启动
2026-03-04 22:02:23,068 - INFO - 平衡控制已启动
2026-03-04 22:02:23,117 - INFO - speed线程已启动
2026-03-04 22:02:23,118 - INFO - 平衡控制已启动
2026-03-04 22:02:23,168 - INFO - speed线程已启动
2026-03-04 22:02:23,168 - INFO - 平衡控制已启动
2026-03-04 22:02:23,269 - INFO - speed线程已启动
2026-03-04 22:02:23,270 - INFO - 平衡控制已启动
2026-03-04 22:02:23,320 - INFO - speed线程已启动
2026-03-04 22:02:23,320 - INFO - 平衡控制已启动
2026-03-04 22:02:23,371 - INFO - speed线程已启动
2026-03-04 22:02:23,371 - INFO - 平衡控制已启动
2026-03-04 22:02:23,472 - INFO - speed线程已启动
2026-03-04 22:02:23,473 - INFO - 平衡控制已启动
2026-03-04 22:02:23,574 - INFO - speed线程已启动
2026-03-04 22:02:23,574 - INFO - 平衡控制已启动
2026-03-04 22:02:23,676 - INFO - speed线程已启动
2026-03-04 22:02:23,677 - INFO - 平衡控制已启动
2026-03-04 22:02:23,980 - INFO - speed线程已启动
2026-03-04 22:02:23,981 - INFO - 平衡控制已启动
2026-03-04 22:02:24,132 - INFO - speed线程已启动
2026-03-04 22:02:24,132 - INFO - 平衡控制已启动
2026-03-04 22:02:24,233 - INFO - speed线程已启动
2026-03-04 22:02:24,233 - INFO - 平衡控制已启动
2026-03-04 22:02:24,283 - INFO - speed线程已启动
2026-03-04 22:02:24,283 - INFO - 平衡控制已启动
2026-03-04 22:02:24,334 - INFO - speed线程已启动
2026-03-04 22:02:24,335 - INFO - 平衡控制已启动
2026-03-04 22:02:24,436 - INFO - speed线程已启动
2026-03-04 22:02:24,438 - INFO - 平衡控制已启动
2026-03-04 22:02:24,486 - INFO - speed线程已启动
2026-03-04 22:02:24,487 - INFO - 平衡控制已启动
2026-03-04 22:02:24,589 - INFO - speed线程已启动
2026-03-04 22:02:24,589 - INFO - 平衡控制已启动
2026-03-04 22:02:24,690 - INFO - speed线程已启动
2026-03-04 22:02:24,690 - INFO - 平衡控制已启动
2026-03-04 22:02:24,791 - INFO - speed线程已启动
2026-03-04 22:02:24,792 - INFO - 平衡控制已启动
2026-03-04 22:02:24,843 - INFO - speed线程已启动
2026-03-04 22:02:24,843 - INFO - 平衡控制已启动
2026-03-04 22:02:24,894 - INFO - speed线程已启动
2026-03-04 22:02:24,894 - INFO - 平衡控制已启动
2026-03-04 22:02:24,994 - INFO - speed线程已启动
2026-03-04 22:02:24,994 - INFO - 平衡控制已启动
2026-03-04 22:02:25,096 - INFO - speed线程已启动
2026-03-04 22:02:25,096 - INFO - 平衡控制已启动
2026-03-04 22:02:25,197 - INFO - speed线程已启动
2026-03-04 22:02:25,198 - INFO - 平衡控制已启动
2026-03-04 22:02:25,248 - INFO - speed线程已启动
2026-03-04 22:02:25,249 - INFO - 平衡控制已启动
2026-03-04 22:02:25,350 - INFO - speed线程已启动
2026-03-04 22:02:25,350 - INFO - 平衡控制已启动
2026-03-04 22:02:25,754 - INFO - speed线程已启动
2026-03-04 22:02:25,754 - INFO - 平衡控制已启动
2026-03-04 22:02:25,905 - INFO - speed线程已启动
2026-03-04 22:02:25,905 - INFO - 平衡控制已启动
2026-03-04 22:02:25,955 - INFO - speed线程已启动
2026-03-04 22:02:25,956 - INFO - 平衡控制已启动
2026-03-04 22:02:32,719 - INFO - speed线程已启动
2026-03-04 22:02:32,720 - INFO - 平衡控制已启动
2026-03-04 22:02:32,820 - INFO - speed线程已启动
2026-03-04 22:02:32,820 - INFO - 平衡控制已启动
2026-03-04 22:02:32,922 - INFO - speed线程已启动
2026-03-04 22:02:32,922 - INFO - 平衡控制已启动
2026-03-04 22:02:32,971 - INFO - speed线程已启动
2026-03-04 22:02:32,972 - INFO - 平衡控制已启动
2026-03-04 22:02:33,024 - INFO - speed线程已启动
2026-03-04 22:02:33,026 - INFO - 平衡控制已启动
2026-03-04 22:02:33,075 - INFO - speed线程已启动
2026-03-04 22:02:33,076 - INFO - 平衡控制已启动
2026-03-04 22:02:33,177 - INFO - speed线程已启动
2026-03-04 22:02:33,178 - INFO - 平衡控制已启动
2026-03-04 22:02:48,996 - INFO - speed线程已启动
2026-03-04 22:02:48,997 - INFO - 平衡控制已启动
2026-03-04 22:02:49,046 - INFO - speed线程已启动
2026-03-04 22:02:49,047 - INFO - 平衡控制已启动
2026-03-04 22:02:55,761 - INFO - speed线程已启动
2026-03-04 22:02:55,763 - INFO - 平衡控制已启动
2026-03-04 22:02:55,912 - INFO - speed线程已启动
2026-03-04 22:02:55,913 - INFO - 平衡控制已启动
2026-03-04 22:02:56,013 - INFO - speed线程已启动
2026-03-04 22:02:56,014 - INFO - 平衡控制已启动
2026-03-04 22:02:56,116 - INFO - speed线程已启动
2026-03-04 22:02:56,117 - INFO - 平衡控制已启动
2026-03-04 22:02:56,267 - INFO - speed线程已启动
2026-03-04 22:02:56,268 - INFO - 平衡控制已启动
2026-03-04 22:02:56,317 - INFO - speed线程已启动
2026-03-04 22:02:56,318 - INFO - 平衡控制已启动
2026-03-04 22:02:56,420 - INFO - speed线程已启动
2026-03-04 22:02:56,420 - INFO - 平衡控制已启动
2026-03-04 22:02:56,471 - INFO - speed线程已启动
2026-03-04 22:02:56,471 - INFO - 平衡控制已启动
2026-03-04 22:02:56,573 - INFO - speed线程已启动
2026-03-04 22:02:56,574 - INFO - 平衡控制已启动
2026-03-04 22:02:56,674 - INFO - speed线程已启动
2026-03-04 22:02:56,674 - INFO - 平衡控制已启动
2026-03-04 22:02:56,724 - INFO - speed线程已启动
2026-03-04 22:02:56,725 - INFO - 平衡控制已启动
2026-03-04 22:02:56,827 - INFO - speed线程已启动
2026-03-04 22:02:56,827 - INFO - 平衡控制已启动
2026-03-04 22:02:56,929 - INFO - speed线程已启动
2026-03-04 22:02:56,930 - INFO - 平衡控制已启动
2026-03-04 22:02:56,980 - INFO - speed线程已启动
2026-03-04 22:02:56,981 - INFO - 平衡控制已启动
2026-03-04 22:02:57,082 - INFO - speed线程已启动
2026-03-04 22:02:57,083 - INFO - 平衡控制已启动
2026-03-04 22:02:57,184 - INFO - speed线程已启动
2026-03-04 22:02:57,185 - INFO - 平衡控制已启动
2026-03-04 22:02:57,488 - INFO - speed线程已启动
2026-03-04 22:02:57,488 - INFO - 平衡控制已启动
2026-03-04 22:02:58,295 - INFO - speed线程已启动
2026-03-04 22:02:58,298 - INFO - 平衡控制已启动
2026-03-04 22:02:58,750 - INFO - speed线程已启动
2026-03-04 22:02:58,751 - INFO - 平衡控制已启动
2026-03-04 22:02:58,801 - INFO - speed线程已启动
2026-03-04 22:02:58,801 - INFO - 平衡控制已启动
2026-03-04 22:02:58,853 - INFO - speed线程已启动
2026-03-04 22:02:58,854 - INFO - 平衡控制已启动
2026-03-04 22:02:58,955 - INFO - speed线程已启动
2026-03-04 22:02:58,956 - INFO - 平衡控制已启动
2026-03-04 22:02:59,208 - INFO - speed线程已启动
2026-03-04 22:02:59,208 - INFO - 平衡控制已启动
2026-03-04 22:02:59,257 - INFO - speed线程已启动
2026-03-04 22:02:59,257 - INFO - 平衡控制已启动
2026-03-04 22:02:59,410 - INFO - speed线程已启动
2026-03-04 22:02:59,411 - INFO - 平衡控制已启动
2026-03-04 22:02:59,715 - INFO - speed线程已启动
2026-03-04 22:02:59,715 - INFO - 平衡控制已启动
2026-03-04 22:02:59,765 - INFO - speed线程已启动
2026-03-04 22:02:59,766 - INFO - 平衡控制已启动
2026-03-04 22:02:59,969 - INFO - speed线程已启动
2026-03-04 22:02:59,970 - INFO - 平衡控制已启动
2026-03-04 22:03:00,122 - INFO - speed线程已启动
2026-03-04 22:03:00,122 - INFO - 平衡控制已启动
2026-03-04 22:03:00,479 - INFO - speed线程已启动
2026-03-04 22:03:00,481 - INFO - 平衡控制已启动
2026-03-04 22:03:00,580 - INFO - speed线程已启动
2026-03-04 22:03:00,580 - INFO - 平衡控制已启动
2026-03-04 22:03:00,733 - INFO - speed线程已启动
2026-03-04 22:03:00,733 - INFO - 平衡控制已启动
2026-03-04 22:03:01,794 - INFO - speed线程已启动
2026-03-04 22:03:01,794 - INFO - 平衡控制已启动
2026-03-04 22:03:06,373 - INFO - speed线程已启动
2026-03-04 22:03:06,374 - INFO - 平衡控制已启动
2026-03-04 22:03:06,526 - INFO - speed线程已启动
2026-03-04 22:03:06,527 - INFO - 平衡控制已启动
2026-03-04 22:03:06,630 - INFO - speed线程已启动
2026-03-04 22:03:06,631 - INFO - 平衡控制已启动
2026-03-04 22:03:06,680 - INFO - speed线程已启动
2026-03-04 22:03:06,681 - INFO - 平衡控制已启动
2026-03-04 22:03:20,054 - INFO - 所有电机已失能
2026-03-04 22:03:37,630 - INFO - HTTP Request: GET http://localhost:7860/gradio_api/startup-events "HTTP/1.1 200 OK"
2026-03-04 22:03:37,665 - INFO - HTTP Request: HEAD http://localhost:7860/ "HTTP/1.1 200 OK"
